<?xml version="1.0" encoding="UTF-8"?>
<testsuites name="jest tests" tests="57" failures="47" errors="0" time="5.448">
  <testsuite name="Utility Functions" errors="0" failures="4" skipped="0" timestamp="2025-01-18T21:06:47" time="1.034" tests="7">
    <testcase classname="Utility Functions formatCurrency formats number as USD currency" name="Utility Functions formatCurrency formats number as USD currency" time="0.024">
    </testcase>
    <testcase classname="Utility Functions formatCurrency handles invalid inputs gracefully" name="Utility Functions formatCurrency handles invalid inputs gracefully" time="0.001">
      <failure>Error: Invalid amount provided for currency formatting.
    at formatCurrency (C:\Users\kryst\OneDrive\Desktop\accountability-buddys\accountability-buddy-frontend\src\utils\utility-functions.ts:10:13)
    at Object.&lt;anonymous&gt; (C:\Users\kryst\OneDrive\Desktop\accountability-buddys\accountability-buddy-frontend\__tests__\utils\UtilityFunctions.test.ts:13:28)
    at Promise.then.completed (C:\Users\kryst\OneDrive\Desktop\accountability-buddys\accountability-buddy-frontend\node_modules\jest-circus\build\utils.js:298:28)
    at new Promise (&lt;anonymous&gt;)
    at callAsyncCircusFn (C:\Users\kryst\OneDrive\Desktop\accountability-buddys\accountability-buddy-frontend\node_modules\jest-circus\build\utils.js:231:10)
    at _callCircusTest (C:\Users\kryst\OneDrive\Desktop\accountability-buddys\accountability-buddy-frontend\node_modules\jest-circus\build\run.js:316:40)
    at processTicksAndRejections (node:internal/process/task_queues:105:5)
    at _runTest (C:\Users\kryst\OneDrive\Desktop\accountability-buddys\accountability-buddy-frontend\node_modules\jest-circus\build\run.js:252:3)
    at _runTestsForDescribeBlock (C:\Users\kryst\OneDrive\Desktop\accountability-buddys\accountability-buddy-frontend\node_modules\jest-circus\build\run.js:126:9)
    at _runTestsForDescribeBlock (C:\Users\kryst\OneDrive\Desktop\accountability-buddys\accountability-buddy-frontend\node_modules\jest-circus\build\run.js:121:9)
    at _runTestsForDescribeBlock (C:\Users\kryst\OneDrive\Desktop\accountability-buddys\accountability-buddy-frontend\node_modules\jest-circus\build\run.js:121:9)
    at run (C:\Users\kryst\OneDrive\Desktop\accountability-buddys\accountability-buddy-frontend\node_modules\jest-circus\build\run.js:71:3)
    at runAndTransformResultsToJestFormat (C:\Users\kryst\OneDrive\Desktop\accountability-buddys\accountability-buddy-frontend\node_modules\jest-circus\build\legacy-code-todo-rewrite\jestAdapterInit.js:122:21)
    at jestAdapter (C:\Users\kryst\OneDrive\Desktop\accountability-buddys\accountability-buddy-frontend\node_modules\jest-circus\build\legacy-code-todo-rewrite\jestAdapter.js:79:19)
    at runTestInternal (C:\Users\kryst\OneDrive\Desktop\accountability-buddys\accountability-buddy-frontend\node_modules\jest-runner\build\runTest.js:367:16)
    at runTest (C:\Users\kryst\OneDrive\Desktop\accountability-buddys\accountability-buddy-frontend\node_modules\jest-runner\build\runTest.js:444:34)
    at Object.worker (C:\Users\kryst\OneDrive\Desktop\accountability-buddys\accountability-buddy-frontend\node_modules\jest-runner\build\testWorker.js:106:12)</failure>
    </testcase>
    <testcase classname="Utility Functions debounce calls the function after the specified delay" name="Utility Functions debounce calls the function after the specified delay" time="0.002">
    </testcase>
    <testcase classname="Utility Functions debounce does not call the function before the delay" name="Utility Functions debounce does not call the function before the delay" time="0">
    </testcase>
    <testcase classname="Utility Functions fetchData fetches data successfully" name="Utility Functions fetchData fetches data successfully" time="0.003">
      <failure>Error: expect(jest.fn()).toHaveBeenCalledWith(...expected)

Expected: &quot;/api/data&quot;
Received: &quot;/api/data&quot;, {&quot;headers&quot;: {&quot;Content-Type&quot;: &quot;application/json&quot;}}

Number of calls: 1
    at Object.toHaveBeenCalledWith (C:\Users\kryst\OneDrive\Desktop\accountability-buddys\accountability-buddy-frontend\__tests__\utils\UtilityFunctions.test.ts:66:21)
    at processTicksAndRejections (node:internal/process/task_queues:105:5)</failure>
    </testcase>
    <testcase classname="Utility Functions fetchData handles fetch errors" name="Utility Functions fetchData handles fetch errors" time="0.011">
      <failure>Error: expect(received).rejects.toThrow(expected)

Expected substring: &quot;Fetch error: 404 Not Found&quot;
Received message:   &quot;Error fetching data: Failed to fetch data: 404 Not Found&quot;

      55 |       return await response.json();
      56 |     } catch (error) {
    &gt; 57 |       throw new Error(`Error fetching data: ${(error as Error).message}`);
         |             ^
      58 |     }
      59 |   };
      60 |   

      at fetchData (src/utils/utility-functions.ts:57:13)
      at Object.&lt;anonymous&gt; (__tests__/utils/UtilityFunctions.test.ts:76:7)
    at Object.toThrow (C:\Users\kryst\OneDrive\Desktop\accountability-buddys\accountability-buddy-frontend\node_modules\expect\build\index.js:218:22)
    at Object.toThrow (C:\Users\kryst\OneDrive\Desktop\accountability-buddys\accountability-buddy-frontend\__tests__\utils\UtilityFunctions.test.ts:76:55)
    at Promise.then.completed (C:\Users\kryst\OneDrive\Desktop\accountability-buddys\accountability-buddy-frontend\node_modules\jest-circus\build\utils.js:298:28)
    at new Promise (&lt;anonymous&gt;)
    at callAsyncCircusFn (C:\Users\kryst\OneDrive\Desktop\accountability-buddys\accountability-buddy-frontend\node_modules\jest-circus\build\utils.js:231:10)
    at _callCircusTest (C:\Users\kryst\OneDrive\Desktop\accountability-buddys\accountability-buddy-frontend\node_modules\jest-circus\build\run.js:316:40)
    at processTicksAndRejections (node:internal/process/task_queues:105:5)
    at _runTest (C:\Users\kryst\OneDrive\Desktop\accountability-buddys\accountability-buddy-frontend\node_modules\jest-circus\build\run.js:252:3)
    at _runTestsForDescribeBlock (C:\Users\kryst\OneDrive\Desktop\accountability-buddys\accountability-buddy-frontend\node_modules\jest-circus\build\run.js:126:9)
    at _runTestsForDescribeBlock (C:\Users\kryst\OneDrive\Desktop\accountability-buddys\accountability-buddy-frontend\node_modules\jest-circus\build\run.js:121:9)
    at _runTestsForDescribeBlock (C:\Users\kryst\OneDrive\Desktop\accountability-buddys\accountability-buddy-frontend\node_modules\jest-circus\build\run.js:121:9)
    at run (C:\Users\kryst\OneDrive\Desktop\accountability-buddys\accountability-buddy-frontend\node_modules\jest-circus\build\run.js:71:3)
    at runAndTransformResultsToJestFormat (C:\Users\kryst\OneDrive\Desktop\accountability-buddys\accountability-buddy-frontend\node_modules\jest-circus\build\legacy-code-todo-rewrite\jestAdapterInit.js:122:21)
    at jestAdapter (C:\Users\kryst\OneDrive\Desktop\accountability-buddys\accountability-buddy-frontend\node_modules\jest-circus\build\legacy-code-todo-rewrite\jestAdapter.js:79:19)
    at runTestInternal (C:\Users\kryst\OneDrive\Desktop\accountability-buddys\accountability-buddy-frontend\node_modules\jest-runner\build\runTest.js:367:16)
    at runTest (C:\Users\kryst\OneDrive\Desktop\accountability-buddys\accountability-buddy-frontend\node_modules\jest-runner\build\runTest.js:444:34)
    at Object.worker (C:\Users\kryst\OneDrive\Desktop\accountability-buddys\accountability-buddy-frontend\node_modules\jest-runner\build\testWorker.js:106:12)</failure>
    </testcase>
    <testcase classname="Utility Functions fetchData handles network errors" name="Utility Functions fetchData handles network errors" time="0.002">
      <failure>Error: expect(jest.fn()).toHaveBeenCalledWith(...expected)

Expected: &quot;/api/fail&quot;
Received: &quot;/api/fail&quot;, {&quot;headers&quot;: {&quot;Content-Type&quot;: &quot;application/json&quot;}}

Number of calls: 1
    at Object.toHaveBeenCalledWith (C:\Users\kryst\OneDrive\Desktop\accountability-buddys\accountability-buddy-frontend\__tests__\utils\UtilityFunctions.test.ts:86:21)
    at processTicksAndRejections (node:internal/process/task_queues:105:5)</failure>
    </testcase>
  </testsuite>
  <testsuite name="Error Handling" errors="0" failures="3" skipped="0" timestamp="2025-01-18T21:06:47" time="1.027" tests="3">
    <testcase classname="Error Handling displays 404 error page for non-existent routes" name="Error Handling displays 404 error page for non-existent routes" time="0.007">
      <failure>ReferenceError: cy is not defined
    at Object.cy (C:\Users\kryst\OneDrive\Desktop\accountability-buddys\accountability-buddy-frontend\cypress\integration\errors\error-handling.spec.ts:8:7)
    at Promise.then.completed (C:\Users\kryst\OneDrive\Desktop\accountability-buddys\accountability-buddy-frontend\node_modules\jest-circus\build\utils.js:298:28)
    at new Promise (&lt;anonymous&gt;)
    at callAsyncCircusFn (C:\Users\kryst\OneDrive\Desktop\accountability-buddys\accountability-buddy-frontend\node_modules\jest-circus\build\utils.js:231:10)
    at _callCircusHook (C:\Users\kryst\OneDrive\Desktop\accountability-buddys\accountability-buddy-frontend\node_modules\jest-circus\build\run.js:281:40)
    at processTicksAndRejections (node:internal/process/task_queues:105:5)
    at _runTest (C:\Users\kryst\OneDrive\Desktop\accountability-buddys\accountability-buddy-frontend\node_modules\jest-circus\build\run.js:246:5)
    at _runTestsForDescribeBlock (C:\Users\kryst\OneDrive\Desktop\accountability-buddys\accountability-buddy-frontend\node_modules\jest-circus\build\run.js:126:9)
    at _runTestsForDescribeBlock (C:\Users\kryst\OneDrive\Desktop\accountability-buddys\accountability-buddy-frontend\node_modules\jest-circus\build\run.js:121:9)
    at run (C:\Users\kryst\OneDrive\Desktop\accountability-buddys\accountability-buddy-frontend\node_modules\jest-circus\build\run.js:71:3)
    at runAndTransformResultsToJestFormat (C:\Users\kryst\OneDrive\Desktop\accountability-buddys\accountability-buddy-frontend\node_modules\jest-circus\build\legacy-code-todo-rewrite\jestAdapterInit.js:122:21)
    at jestAdapter (C:\Users\kryst\OneDrive\Desktop\accountability-buddys\accountability-buddy-frontend\node_modules\jest-circus\build\legacy-code-todo-rewrite\jestAdapter.js:79:19)
    at runTestInternal (C:\Users\kryst\OneDrive\Desktop\accountability-buddys\accountability-buddy-frontend\node_modules\jest-runner\build\runTest.js:367:16)
    at runTest (C:\Users\kryst\OneDrive\Desktop\accountability-buddys\accountability-buddy-frontend\node_modules\jest-runner\build\runTest.js:444:34)
    at Object.worker (C:\Users\kryst\OneDrive\Desktop\accountability-buddys\accountability-buddy-frontend\node_modules\jest-runner\build\testWorker.js:106:12)</failure>
    </testcase>
    <testcase classname="Error Handling displays a network error message when API call fails" name="Error Handling displays a network error message when API call fails" time="0">
      <failure>ReferenceError: cy is not defined
    at Object.cy (C:\Users\kryst\OneDrive\Desktop\accountability-buddys\accountability-buddy-frontend\cypress\integration\errors\error-handling.spec.ts:8:7)
    at Promise.then.completed (C:\Users\kryst\OneDrive\Desktop\accountability-buddys\accountability-buddy-frontend\node_modules\jest-circus\build\utils.js:298:28)
    at new Promise (&lt;anonymous&gt;)
    at callAsyncCircusFn (C:\Users\kryst\OneDrive\Desktop\accountability-buddys\accountability-buddy-frontend\node_modules\jest-circus\build\utils.js:231:10)
    at _callCircusHook (C:\Users\kryst\OneDrive\Desktop\accountability-buddys\accountability-buddy-frontend\node_modules\jest-circus\build\run.js:281:40)
    at processTicksAndRejections (node:internal/process/task_queues:105:5)
    at _runTest (C:\Users\kryst\OneDrive\Desktop\accountability-buddys\accountability-buddy-frontend\node_modules\jest-circus\build\run.js:246:5)
    at _runTestsForDescribeBlock (C:\Users\kryst\OneDrive\Desktop\accountability-buddys\accountability-buddy-frontend\node_modules\jest-circus\build\run.js:126:9)
    at _runTestsForDescribeBlock (C:\Users\kryst\OneDrive\Desktop\accountability-buddys\accountability-buddy-frontend\node_modules\jest-circus\build\run.js:121:9)
    at run (C:\Users\kryst\OneDrive\Desktop\accountability-buddys\accountability-buddy-frontend\node_modules\jest-circus\build\run.js:71:3)
    at runAndTransformResultsToJestFormat (C:\Users\kryst\OneDrive\Desktop\accountability-buddys\accountability-buddy-frontend\node_modules\jest-circus\build\legacy-code-todo-rewrite\jestAdapterInit.js:122:21)
    at jestAdapter (C:\Users\kryst\OneDrive\Desktop\accountability-buddys\accountability-buddy-frontend\node_modules\jest-circus\build\legacy-code-todo-rewrite\jestAdapter.js:79:19)
    at runTestInternal (C:\Users\kryst\OneDrive\Desktop\accountability-buddys\accountability-buddy-frontend\node_modules\jest-runner\build\runTest.js:367:16)
    at runTest (C:\Users\kryst\OneDrive\Desktop\accountability-buddys\accountability-buddy-frontend\node_modules\jest-runner\build\runTest.js:444:34)
    at Object.worker (C:\Users\kryst\OneDrive\Desktop\accountability-buddys\accountability-buddy-frontend\node_modules\jest-runner\build\testWorker.js:106:12)</failure>
    </testcase>
    <testcase classname="Error Handling displays a friendly message for network disconnection" name="Error Handling displays a friendly message for network disconnection" time="0">
      <failure>ReferenceError: cy is not defined
    at Object.cy (C:\Users\kryst\OneDrive\Desktop\accountability-buddys\accountability-buddy-frontend\cypress\integration\errors\error-handling.spec.ts:8:7)
    at Promise.then.completed (C:\Users\kryst\OneDrive\Desktop\accountability-buddys\accountability-buddy-frontend\node_modules\jest-circus\build\utils.js:298:28)
    at new Promise (&lt;anonymous&gt;)
    at callAsyncCircusFn (C:\Users\kryst\OneDrive\Desktop\accountability-buddys\accountability-buddy-frontend\node_modules\jest-circus\build\utils.js:231:10)
    at _callCircusHook (C:\Users\kryst\OneDrive\Desktop\accountability-buddys\accountability-buddy-frontend\node_modules\jest-circus\build\run.js:281:40)
    at processTicksAndRejections (node:internal/process/task_queues:105:5)
    at _runTest (C:\Users\kryst\OneDrive\Desktop\accountability-buddys\accountability-buddy-frontend\node_modules\jest-circus\build\run.js:246:5)
    at _runTestsForDescribeBlock (C:\Users\kryst\OneDrive\Desktop\accountability-buddys\accountability-buddy-frontend\node_modules\jest-circus\build\run.js:126:9)
    at _runTestsForDescribeBlock (C:\Users\kryst\OneDrive\Desktop\accountability-buddys\accountability-buddy-frontend\node_modules\jest-circus\build\run.js:121:9)
    at run (C:\Users\kryst\OneDrive\Desktop\accountability-buddys\accountability-buddy-frontend\node_modules\jest-circus\build\run.js:71:3)
    at runAndTransformResultsToJestFormat (C:\Users\kryst\OneDrive\Desktop\accountability-buddys\accountability-buddy-frontend\node_modules\jest-circus\build\legacy-code-todo-rewrite\jestAdapterInit.js:122:21)
    at jestAdapter (C:\Users\kryst\OneDrive\Desktop\accountability-buddys\accountability-buddy-frontend\node_modules\jest-circus\build\legacy-code-todo-rewrite\jestAdapter.js:79:19)
    at runTestInternal (C:\Users\kryst\OneDrive\Desktop\accountability-buddys\accountability-buddy-frontend\node_modules\jest-runner\build\runTest.js:367:16)
    at runTest (C:\Users\kryst\OneDrive\Desktop\accountability-buddys\accountability-buddy-frontend\node_modules\jest-runner\build\runTest.js:444:34)
    at Object.worker (C:\Users\kryst\OneDrive\Desktop\accountability-buddys\accountability-buddy-frontend\node_modules\jest-runner\build\testWorker.js:106:12)</failure>
    </testcase>
  </testsuite>
  <testsuite name="Login Flow" errors="0" failures="6" skipped="0" timestamp="2025-01-18T21:06:47" time="1.015" tests="6">
    <testcase classname="Login Flow displays the login form" name="Login Flow displays the login form" time="0.007">
      <failure>ReferenceError: cy is not defined
    at Object.cy (C:\Users\kryst\OneDrive\Desktop\accountability-buddys\accountability-buddy-frontend\cypress\integration\login.spec.ts:4:7)
    at Promise.then.completed (C:\Users\kryst\OneDrive\Desktop\accountability-buddys\accountability-buddy-frontend\node_modules\jest-circus\build\utils.js:298:28)
    at new Promise (&lt;anonymous&gt;)
    at callAsyncCircusFn (C:\Users\kryst\OneDrive\Desktop\accountability-buddys\accountability-buddy-frontend\node_modules\jest-circus\build\utils.js:231:10)
    at _callCircusHook (C:\Users\kryst\OneDrive\Desktop\accountability-buddys\accountability-buddy-frontend\node_modules\jest-circus\build\run.js:281:40)
    at processTicksAndRejections (node:internal/process/task_queues:105:5)
    at _runTest (C:\Users\kryst\OneDrive\Desktop\accountability-buddys\accountability-buddy-frontend\node_modules\jest-circus\build\run.js:246:5)
    at _runTestsForDescribeBlock (C:\Users\kryst\OneDrive\Desktop\accountability-buddys\accountability-buddy-frontend\node_modules\jest-circus\build\run.js:126:9)
    at _runTestsForDescribeBlock (C:\Users\kryst\OneDrive\Desktop\accountability-buddys\accountability-buddy-frontend\node_modules\jest-circus\build\run.js:121:9)
    at run (C:\Users\kryst\OneDrive\Desktop\accountability-buddys\accountability-buddy-frontend\node_modules\jest-circus\build\run.js:71:3)
    at runAndTransformResultsToJestFormat (C:\Users\kryst\OneDrive\Desktop\accountability-buddys\accountability-buddy-frontend\node_modules\jest-circus\build\legacy-code-todo-rewrite\jestAdapterInit.js:122:21)
    at jestAdapter (C:\Users\kryst\OneDrive\Desktop\accountability-buddys\accountability-buddy-frontend\node_modules\jest-circus\build\legacy-code-todo-rewrite\jestAdapter.js:79:19)
    at runTestInternal (C:\Users\kryst\OneDrive\Desktop\accountability-buddys\accountability-buddy-frontend\node_modules\jest-runner\build\runTest.js:367:16)
    at runTest (C:\Users\kryst\OneDrive\Desktop\accountability-buddys\accountability-buddy-frontend\node_modules\jest-runner\build\runTest.js:444:34)
    at Object.worker (C:\Users\kryst\OneDrive\Desktop\accountability-buddys\accountability-buddy-frontend\node_modules\jest-runner\build\testWorker.js:106:12)</failure>
    </testcase>
    <testcase classname="Login Flow shows error messages for empty form submission" name="Login Flow shows error messages for empty form submission" time="0">
      <failure>ReferenceError: cy is not defined
    at Object.cy (C:\Users\kryst\OneDrive\Desktop\accountability-buddys\accountability-buddy-frontend\cypress\integration\login.spec.ts:4:7)
    at Promise.then.completed (C:\Users\kryst\OneDrive\Desktop\accountability-buddys\accountability-buddy-frontend\node_modules\jest-circus\build\utils.js:298:28)
    at new Promise (&lt;anonymous&gt;)
    at callAsyncCircusFn (C:\Users\kryst\OneDrive\Desktop\accountability-buddys\accountability-buddy-frontend\node_modules\jest-circus\build\utils.js:231:10)
    at _callCircusHook (C:\Users\kryst\OneDrive\Desktop\accountability-buddys\accountability-buddy-frontend\node_modules\jest-circus\build\run.js:281:40)
    at processTicksAndRejections (node:internal/process/task_queues:105:5)
    at _runTest (C:\Users\kryst\OneDrive\Desktop\accountability-buddys\accountability-buddy-frontend\node_modules\jest-circus\build\run.js:246:5)
    at _runTestsForDescribeBlock (C:\Users\kryst\OneDrive\Desktop\accountability-buddys\accountability-buddy-frontend\node_modules\jest-circus\build\run.js:126:9)
    at _runTestsForDescribeBlock (C:\Users\kryst\OneDrive\Desktop\accountability-buddys\accountability-buddy-frontend\node_modules\jest-circus\build\run.js:121:9)
    at run (C:\Users\kryst\OneDrive\Desktop\accountability-buddys\accountability-buddy-frontend\node_modules\jest-circus\build\run.js:71:3)
    at runAndTransformResultsToJestFormat (C:\Users\kryst\OneDrive\Desktop\accountability-buddys\accountability-buddy-frontend\node_modules\jest-circus\build\legacy-code-todo-rewrite\jestAdapterInit.js:122:21)
    at jestAdapter (C:\Users\kryst\OneDrive\Desktop\accountability-buddys\accountability-buddy-frontend\node_modules\jest-circus\build\legacy-code-todo-rewrite\jestAdapter.js:79:19)
    at runTestInternal (C:\Users\kryst\OneDrive\Desktop\accountability-buddys\accountability-buddy-frontend\node_modules\jest-runner\build\runTest.js:367:16)
    at runTest (C:\Users\kryst\OneDrive\Desktop\accountability-buddys\accountability-buddy-frontend\node_modules\jest-runner\build\runTest.js:444:34)
    at Object.worker (C:\Users\kryst\OneDrive\Desktop\accountability-buddys\accountability-buddy-frontend\node_modules\jest-runner\build\testWorker.js:106:12)</failure>
    </testcase>
    <testcase classname="Login Flow shows error message for invalid email format" name="Login Flow shows error message for invalid email format" time="0.001">
      <failure>ReferenceError: cy is not defined
    at Object.cy (C:\Users\kryst\OneDrive\Desktop\accountability-buddys\accountability-buddy-frontend\cypress\integration\login.spec.ts:4:7)
    at Promise.then.completed (C:\Users\kryst\OneDrive\Desktop\accountability-buddys\accountability-buddy-frontend\node_modules\jest-circus\build\utils.js:298:28)
    at new Promise (&lt;anonymous&gt;)
    at callAsyncCircusFn (C:\Users\kryst\OneDrive\Desktop\accountability-buddys\accountability-buddy-frontend\node_modules\jest-circus\build\utils.js:231:10)
    at _callCircusHook (C:\Users\kryst\OneDrive\Desktop\accountability-buddys\accountability-buddy-frontend\node_modules\jest-circus\build\run.js:281:40)
    at processTicksAndRejections (node:internal/process/task_queues:105:5)
    at _runTest (C:\Users\kryst\OneDrive\Desktop\accountability-buddys\accountability-buddy-frontend\node_modules\jest-circus\build\run.js:246:5)
    at _runTestsForDescribeBlock (C:\Users\kryst\OneDrive\Desktop\accountability-buddys\accountability-buddy-frontend\node_modules\jest-circus\build\run.js:126:9)
    at _runTestsForDescribeBlock (C:\Users\kryst\OneDrive\Desktop\accountability-buddys\accountability-buddy-frontend\node_modules\jest-circus\build\run.js:121:9)
    at run (C:\Users\kryst\OneDrive\Desktop\accountability-buddys\accountability-buddy-frontend\node_modules\jest-circus\build\run.js:71:3)
    at runAndTransformResultsToJestFormat (C:\Users\kryst\OneDrive\Desktop\accountability-buddys\accountability-buddy-frontend\node_modules\jest-circus\build\legacy-code-todo-rewrite\jestAdapterInit.js:122:21)
    at jestAdapter (C:\Users\kryst\OneDrive\Desktop\accountability-buddys\accountability-buddy-frontend\node_modules\jest-circus\build\legacy-code-todo-rewrite\jestAdapter.js:79:19)
    at runTestInternal (C:\Users\kryst\OneDrive\Desktop\accountability-buddys\accountability-buddy-frontend\node_modules\jest-runner\build\runTest.js:367:16)
    at runTest (C:\Users\kryst\OneDrive\Desktop\accountability-buddys\accountability-buddy-frontend\node_modules\jest-runner\build\runTest.js:444:34)
    at Object.worker (C:\Users\kryst\OneDrive\Desktop\accountability-buddys\accountability-buddy-frontend\node_modules\jest-runner\build\testWorker.js:106:12)</failure>
    </testcase>
    <testcase classname="Login Flow logs in successfully with valid credentials" name="Login Flow logs in successfully with valid credentials" time="0">
      <failure>ReferenceError: cy is not defined
    at Object.cy (C:\Users\kryst\OneDrive\Desktop\accountability-buddys\accountability-buddy-frontend\cypress\integration\login.spec.ts:4:7)
    at Promise.then.completed (C:\Users\kryst\OneDrive\Desktop\accountability-buddys\accountability-buddy-frontend\node_modules\jest-circus\build\utils.js:298:28)
    at new Promise (&lt;anonymous&gt;)
    at callAsyncCircusFn (C:\Users\kryst\OneDrive\Desktop\accountability-buddys\accountability-buddy-frontend\node_modules\jest-circus\build\utils.js:231:10)
    at _callCircusHook (C:\Users\kryst\OneDrive\Desktop\accountability-buddys\accountability-buddy-frontend\node_modules\jest-circus\build\run.js:281:40)
    at processTicksAndRejections (node:internal/process/task_queues:105:5)
    at _runTest (C:\Users\kryst\OneDrive\Desktop\accountability-buddys\accountability-buddy-frontend\node_modules\jest-circus\build\run.js:246:5)
    at _runTestsForDescribeBlock (C:\Users\kryst\OneDrive\Desktop\accountability-buddys\accountability-buddy-frontend\node_modules\jest-circus\build\run.js:126:9)
    at _runTestsForDescribeBlock (C:\Users\kryst\OneDrive\Desktop\accountability-buddys\accountability-buddy-frontend\node_modules\jest-circus\build\run.js:121:9)
    at run (C:\Users\kryst\OneDrive\Desktop\accountability-buddys\accountability-buddy-frontend\node_modules\jest-circus\build\run.js:71:3)
    at runAndTransformResultsToJestFormat (C:\Users\kryst\OneDrive\Desktop\accountability-buddys\accountability-buddy-frontend\node_modules\jest-circus\build\legacy-code-todo-rewrite\jestAdapterInit.js:122:21)
    at jestAdapter (C:\Users\kryst\OneDrive\Desktop\accountability-buddys\accountability-buddy-frontend\node_modules\jest-circus\build\legacy-code-todo-rewrite\jestAdapter.js:79:19)
    at runTestInternal (C:\Users\kryst\OneDrive\Desktop\accountability-buddys\accountability-buddy-frontend\node_modules\jest-runner\build\runTest.js:367:16)
    at runTest (C:\Users\kryst\OneDrive\Desktop\accountability-buddys\accountability-buddy-frontend\node_modules\jest-runner\build\runTest.js:444:34)
    at Object.worker (C:\Users\kryst\OneDrive\Desktop\accountability-buddys\accountability-buddy-frontend\node_modules\jest-runner\build\testWorker.js:106:12)</failure>
    </testcase>
    <testcase classname="Login Flow shows error for invalid login credentials" name="Login Flow shows error for invalid login credentials" time="0.001">
      <failure>ReferenceError: cy is not defined
    at Object.cy (C:\Users\kryst\OneDrive\Desktop\accountability-buddys\accountability-buddy-frontend\cypress\integration\login.spec.ts:4:7)
    at Promise.then.completed (C:\Users\kryst\OneDrive\Desktop\accountability-buddys\accountability-buddy-frontend\node_modules\jest-circus\build\utils.js:298:28)
    at new Promise (&lt;anonymous&gt;)
    at callAsyncCircusFn (C:\Users\kryst\OneDrive\Desktop\accountability-buddys\accountability-buddy-frontend\node_modules\jest-circus\build\utils.js:231:10)
    at _callCircusHook (C:\Users\kryst\OneDrive\Desktop\accountability-buddys\accountability-buddy-frontend\node_modules\jest-circus\build\run.js:281:40)
    at processTicksAndRejections (node:internal/process/task_queues:105:5)
    at _runTest (C:\Users\kryst\OneDrive\Desktop\accountability-buddys\accountability-buddy-frontend\node_modules\jest-circus\build\run.js:246:5)
    at _runTestsForDescribeBlock (C:\Users\kryst\OneDrive\Desktop\accountability-buddys\accountability-buddy-frontend\node_modules\jest-circus\build\run.js:126:9)
    at _runTestsForDescribeBlock (C:\Users\kryst\OneDrive\Desktop\accountability-buddys\accountability-buddy-frontend\node_modules\jest-circus\build\run.js:121:9)
    at run (C:\Users\kryst\OneDrive\Desktop\accountability-buddys\accountability-buddy-frontend\node_modules\jest-circus\build\run.js:71:3)
    at runAndTransformResultsToJestFormat (C:\Users\kryst\OneDrive\Desktop\accountability-buddys\accountability-buddy-frontend\node_modules\jest-circus\build\legacy-code-todo-rewrite\jestAdapterInit.js:122:21)
    at jestAdapter (C:\Users\kryst\OneDrive\Desktop\accountability-buddys\accountability-buddy-frontend\node_modules\jest-circus\build\legacy-code-todo-rewrite\jestAdapter.js:79:19)
    at runTestInternal (C:\Users\kryst\OneDrive\Desktop\accountability-buddys\accountability-buddy-frontend\node_modules\jest-runner\build\runTest.js:367:16)
    at runTest (C:\Users\kryst\OneDrive\Desktop\accountability-buddys\accountability-buddy-frontend\node_modules\jest-runner\build\runTest.js:444:34)
    at Object.worker (C:\Users\kryst\OneDrive\Desktop\accountability-buddys\accountability-buddy-frontend\node_modules\jest-runner\build\testWorker.js:106:12)</failure>
    </testcase>
    <testcase classname="Login Flow keeps the user logged in after page refresh" name="Login Flow keeps the user logged in after page refresh" time="0">
      <failure>ReferenceError: cy is not defined
    at Object.cy (C:\Users\kryst\OneDrive\Desktop\accountability-buddys\accountability-buddy-frontend\cypress\integration\login.spec.ts:4:7)
    at Promise.then.completed (C:\Users\kryst\OneDrive\Desktop\accountability-buddys\accountability-buddy-frontend\node_modules\jest-circus\build\utils.js:298:28)
    at new Promise (&lt;anonymous&gt;)
    at callAsyncCircusFn (C:\Users\kryst\OneDrive\Desktop\accountability-buddys\accountability-buddy-frontend\node_modules\jest-circus\build\utils.js:231:10)
    at _callCircusHook (C:\Users\kryst\OneDrive\Desktop\accountability-buddys\accountability-buddy-frontend\node_modules\jest-circus\build\run.js:281:40)
    at processTicksAndRejections (node:internal/process/task_queues:105:5)
    at _runTest (C:\Users\kryst\OneDrive\Desktop\accountability-buddys\accountability-buddy-frontend\node_modules\jest-circus\build\run.js:246:5)
    at _runTestsForDescribeBlock (C:\Users\kryst\OneDrive\Desktop\accountability-buddys\accountability-buddy-frontend\node_modules\jest-circus\build\run.js:126:9)
    at _runTestsForDescribeBlock (C:\Users\kryst\OneDrive\Desktop\accountability-buddys\accountability-buddy-frontend\node_modules\jest-circus\build\run.js:121:9)
    at run (C:\Users\kryst\OneDrive\Desktop\accountability-buddys\accountability-buddy-frontend\node_modules\jest-circus\build\run.js:71:3)
    at runAndTransformResultsToJestFormat (C:\Users\kryst\OneDrive\Desktop\accountability-buddys\accountability-buddy-frontend\node_modules\jest-circus\build\legacy-code-todo-rewrite\jestAdapterInit.js:122:21)
    at jestAdapter (C:\Users\kryst\OneDrive\Desktop\accountability-buddys\accountability-buddy-frontend\node_modules\jest-circus\build\legacy-code-todo-rewrite\jestAdapter.js:79:19)
    at runTestInternal (C:\Users\kryst\OneDrive\Desktop\accountability-buddys\accountability-buddy-frontend\node_modules\jest-runner\build\runTest.js:367:16)
    at runTest (C:\Users\kryst\OneDrive\Desktop\accountability-buddys\accountability-buddy-frontend\node_modules\jest-runner\build\runTest.js:444:34)
    at Object.worker (C:\Users\kryst\OneDrive\Desktop\accountability-buddys\accountability-buddy-frontend\node_modules\jest-runner\build\testWorker.js:106:12)</failure>
    </testcase>
  </testsuite>
  <testsuite name="Sample Component Test" errors="0" failures="1" skipped="0" timestamp="2025-01-18T21:06:47" time="1.027" tests="1">
    <testcase classname="Sample Component Test renders the component correctly" name="Sample Component Test renders the component correctly" time="0.007">
      <failure>ReferenceError: cy is not defined
    at Object.cy (C:\Users\kryst\OneDrive\Desktop\accountability-buddys\accountability-buddy-frontend\cypress\component\SampleComponent.spec.tsx:8:5)
    at Promise.then.completed (C:\Users\kryst\OneDrive\Desktop\accountability-buddys\accountability-buddy-frontend\node_modules\jest-circus\build\utils.js:298:28)
    at new Promise (&lt;anonymous&gt;)
    at callAsyncCircusFn (C:\Users\kryst\OneDrive\Desktop\accountability-buddys\accountability-buddy-frontend\node_modules\jest-circus\build\utils.js:231:10)
    at _callCircusTest (C:\Users\kryst\OneDrive\Desktop\accountability-buddys\accountability-buddy-frontend\node_modules\jest-circus\build\run.js:316:40)
    at processTicksAndRejections (node:internal/process/task_queues:105:5)
    at _runTest (C:\Users\kryst\OneDrive\Desktop\accountability-buddys\accountability-buddy-frontend\node_modules\jest-circus\build\run.js:252:3)
    at _runTestsForDescribeBlock (C:\Users\kryst\OneDrive\Desktop\accountability-buddys\accountability-buddy-frontend\node_modules\jest-circus\build\run.js:126:9)
    at _runTestsForDescribeBlock (C:\Users\kryst\OneDrive\Desktop\accountability-buddys\accountability-buddy-frontend\node_modules\jest-circus\build\run.js:121:9)
    at run (C:\Users\kryst\OneDrive\Desktop\accountability-buddys\accountability-buddy-frontend\node_modules\jest-circus\build\run.js:71:3)
    at runAndTransformResultsToJestFormat (C:\Users\kryst\OneDrive\Desktop\accountability-buddys\accountability-buddy-frontend\node_modules\jest-circus\build\legacy-code-todo-rewrite\jestAdapterInit.js:122:21)
    at jestAdapter (C:\Users\kryst\OneDrive\Desktop\accountability-buddys\accountability-buddy-frontend\node_modules\jest-circus\build\legacy-code-todo-rewrite\jestAdapter.js:79:19)
    at runTestInternal (C:\Users\kryst\OneDrive\Desktop\accountability-buddys\accountability-buddy-frontend\node_modules\jest-runner\build\runTest.js:367:16)
    at runTest (C:\Users\kryst\OneDrive\Desktop\accountability-buddys\accountability-buddy-frontend\node_modules\jest-runner\build\runTest.js:444:34)
    at Object.worker (C:\Users\kryst\OneDrive\Desktop\accountability-buddys\accountability-buddy-frontend\node_modules\jest-runner\build\testWorker.js:106:12)</failure>
    </testcase>
  </testsuite>
  <testsuite name="Navigation Functionality" errors="0" failures="4" skipped="0" timestamp="2025-01-18T21:06:47" time="1.02" tests="4">
    <testcase classname="Navigation Functionality should navigate to the dashboard page" name="Navigation Functionality should navigate to the dashboard page" time="0.007">
      <failure>ReferenceError: cy is not defined
    at Object.cy (C:\Users\kryst\OneDrive\Desktop\accountability-buddys\accountability-buddy-frontend\cypress\integration\navigation\navigation.spec.ts:5:5)
    at Promise.then.completed (C:\Users\kryst\OneDrive\Desktop\accountability-buddys\accountability-buddy-frontend\node_modules\jest-circus\build\utils.js:298:28)
    at new Promise (&lt;anonymous&gt;)
    at callAsyncCircusFn (C:\Users\kryst\OneDrive\Desktop\accountability-buddys\accountability-buddy-frontend\node_modules\jest-circus\build\utils.js:231:10)
    at _callCircusHook (C:\Users\kryst\OneDrive\Desktop\accountability-buddys\accountability-buddy-frontend\node_modules\jest-circus\build\run.js:281:40)
    at processTicksAndRejections (node:internal/process/task_queues:105:5)
    at _runTest (C:\Users\kryst\OneDrive\Desktop\accountability-buddys\accountability-buddy-frontend\node_modules\jest-circus\build\run.js:246:5)
    at _runTestsForDescribeBlock (C:\Users\kryst\OneDrive\Desktop\accountability-buddys\accountability-buddy-frontend\node_modules\jest-circus\build\run.js:126:9)
    at _runTestsForDescribeBlock (C:\Users\kryst\OneDrive\Desktop\accountability-buddys\accountability-buddy-frontend\node_modules\jest-circus\build\run.js:121:9)
    at run (C:\Users\kryst\OneDrive\Desktop\accountability-buddys\accountability-buddy-frontend\node_modules\jest-circus\build\run.js:71:3)
    at runAndTransformResultsToJestFormat (C:\Users\kryst\OneDrive\Desktop\accountability-buddys\accountability-buddy-frontend\node_modules\jest-circus\build\legacy-code-todo-rewrite\jestAdapterInit.js:122:21)
    at jestAdapter (C:\Users\kryst\OneDrive\Desktop\accountability-buddys\accountability-buddy-frontend\node_modules\jest-circus\build\legacy-code-todo-rewrite\jestAdapter.js:79:19)
    at runTestInternal (C:\Users\kryst\OneDrive\Desktop\accountability-buddys\accountability-buddy-frontend\node_modules\jest-runner\build\runTest.js:367:16)
    at runTest (C:\Users\kryst\OneDrive\Desktop\accountability-buddys\accountability-buddy-frontend\node_modules\jest-runner\build\runTest.js:444:34)
    at Object.worker (C:\Users\kryst\OneDrive\Desktop\accountability-buddys\accountability-buddy-frontend\node_modules\jest-runner\build\testWorker.js:106:12)</failure>
    </testcase>
    <testcase classname="Navigation Functionality should navigate to the profile page" name="Navigation Functionality should navigate to the profile page" time="0">
      <failure>ReferenceError: cy is not defined
    at Object.cy (C:\Users\kryst\OneDrive\Desktop\accountability-buddys\accountability-buddy-frontend\cypress\integration\navigation\navigation.spec.ts:5:5)
    at Promise.then.completed (C:\Users\kryst\OneDrive\Desktop\accountability-buddys\accountability-buddy-frontend\node_modules\jest-circus\build\utils.js:298:28)
    at new Promise (&lt;anonymous&gt;)
    at callAsyncCircusFn (C:\Users\kryst\OneDrive\Desktop\accountability-buddys\accountability-buddy-frontend\node_modules\jest-circus\build\utils.js:231:10)
    at _callCircusHook (C:\Users\kryst\OneDrive\Desktop\accountability-buddys\accountability-buddy-frontend\node_modules\jest-circus\build\run.js:281:40)
    at processTicksAndRejections (node:internal/process/task_queues:105:5)
    at _runTest (C:\Users\kryst\OneDrive\Desktop\accountability-buddys\accountability-buddy-frontend\node_modules\jest-circus\build\run.js:246:5)
    at _runTestsForDescribeBlock (C:\Users\kryst\OneDrive\Desktop\accountability-buddys\accountability-buddy-frontend\node_modules\jest-circus\build\run.js:126:9)
    at _runTestsForDescribeBlock (C:\Users\kryst\OneDrive\Desktop\accountability-buddys\accountability-buddy-frontend\node_modules\jest-circus\build\run.js:121:9)
    at run (C:\Users\kryst\OneDrive\Desktop\accountability-buddys\accountability-buddy-frontend\node_modules\jest-circus\build\run.js:71:3)
    at runAndTransformResultsToJestFormat (C:\Users\kryst\OneDrive\Desktop\accountability-buddys\accountability-buddy-frontend\node_modules\jest-circus\build\legacy-code-todo-rewrite\jestAdapterInit.js:122:21)
    at jestAdapter (C:\Users\kryst\OneDrive\Desktop\accountability-buddys\accountability-buddy-frontend\node_modules\jest-circus\build\legacy-code-todo-rewrite\jestAdapter.js:79:19)
    at runTestInternal (C:\Users\kryst\OneDrive\Desktop\accountability-buddys\accountability-buddy-frontend\node_modules\jest-runner\build\runTest.js:367:16)
    at runTest (C:\Users\kryst\OneDrive\Desktop\accountability-buddys\accountability-buddy-frontend\node_modules\jest-runner\build\runTest.js:444:34)
    at Object.worker (C:\Users\kryst\OneDrive\Desktop\accountability-buddys\accountability-buddy-frontend\node_modules\jest-runner\build\testWorker.js:106:12)</failure>
    </testcase>
    <testcase classname="Navigation Functionality should navigate to the settings page" name="Navigation Functionality should navigate to the settings page" time="0.001">
      <failure>ReferenceError: cy is not defined
    at Object.cy (C:\Users\kryst\OneDrive\Desktop\accountability-buddys\accountability-buddy-frontend\cypress\integration\navigation\navigation.spec.ts:5:5)
    at Promise.then.completed (C:\Users\kryst\OneDrive\Desktop\accountability-buddys\accountability-buddy-frontend\node_modules\jest-circus\build\utils.js:298:28)
    at new Promise (&lt;anonymous&gt;)
    at callAsyncCircusFn (C:\Users\kryst\OneDrive\Desktop\accountability-buddys\accountability-buddy-frontend\node_modules\jest-circus\build\utils.js:231:10)
    at _callCircusHook (C:\Users\kryst\OneDrive\Desktop\accountability-buddys\accountability-buddy-frontend\node_modules\jest-circus\build\run.js:281:40)
    at processTicksAndRejections (node:internal/process/task_queues:105:5)
    at _runTest (C:\Users\kryst\OneDrive\Desktop\accountability-buddys\accountability-buddy-frontend\node_modules\jest-circus\build\run.js:246:5)
    at _runTestsForDescribeBlock (C:\Users\kryst\OneDrive\Desktop\accountability-buddys\accountability-buddy-frontend\node_modules\jest-circus\build\run.js:126:9)
    at _runTestsForDescribeBlock (C:\Users\kryst\OneDrive\Desktop\accountability-buddys\accountability-buddy-frontend\node_modules\jest-circus\build\run.js:121:9)
    at run (C:\Users\kryst\OneDrive\Desktop\accountability-buddys\accountability-buddy-frontend\node_modules\jest-circus\build\run.js:71:3)
    at runAndTransformResultsToJestFormat (C:\Users\kryst\OneDrive\Desktop\accountability-buddys\accountability-buddy-frontend\node_modules\jest-circus\build\legacy-code-todo-rewrite\jestAdapterInit.js:122:21)
    at jestAdapter (C:\Users\kryst\OneDrive\Desktop\accountability-buddys\accountability-buddy-frontend\node_modules\jest-circus\build\legacy-code-todo-rewrite\jestAdapter.js:79:19)
    at runTestInternal (C:\Users\kryst\OneDrive\Desktop\accountability-buddys\accountability-buddy-frontend\node_modules\jest-runner\build\runTest.js:367:16)
    at runTest (C:\Users\kryst\OneDrive\Desktop\accountability-buddys\accountability-buddy-frontend\node_modules\jest-runner\build\runTest.js:444:34)
    at Object.worker (C:\Users\kryst\OneDrive\Desktop\accountability-buddys\accountability-buddy-frontend\node_modules\jest-runner\build\testWorker.js:106:12)</failure>
    </testcase>
    <testcase classname="Navigation Functionality should logout and redirect to the login page" name="Navigation Functionality should logout and redirect to the login page" time="0">
      <failure>ReferenceError: cy is not defined
    at Object.cy (C:\Users\kryst\OneDrive\Desktop\accountability-buddys\accountability-buddy-frontend\cypress\integration\navigation\navigation.spec.ts:5:5)
    at Promise.then.completed (C:\Users\kryst\OneDrive\Desktop\accountability-buddys\accountability-buddy-frontend\node_modules\jest-circus\build\utils.js:298:28)
    at new Promise (&lt;anonymous&gt;)
    at callAsyncCircusFn (C:\Users\kryst\OneDrive\Desktop\accountability-buddys\accountability-buddy-frontend\node_modules\jest-circus\build\utils.js:231:10)
    at _callCircusHook (C:\Users\kryst\OneDrive\Desktop\accountability-buddys\accountability-buddy-frontend\node_modules\jest-circus\build\run.js:281:40)
    at processTicksAndRejections (node:internal/process/task_queues:105:5)
    at _runTest (C:\Users\kryst\OneDrive\Desktop\accountability-buddys\accountability-buddy-frontend\node_modules\jest-circus\build\run.js:246:5)
    at _runTestsForDescribeBlock (C:\Users\kryst\OneDrive\Desktop\accountability-buddys\accountability-buddy-frontend\node_modules\jest-circus\build\run.js:126:9)
    at _runTestsForDescribeBlock (C:\Users\kryst\OneDrive\Desktop\accountability-buddys\accountability-buddy-frontend\node_modules\jest-circus\build\run.js:121:9)
    at run (C:\Users\kryst\OneDrive\Desktop\accountability-buddys\accountability-buddy-frontend\node_modules\jest-circus\build\run.js:71:3)
    at runAndTransformResultsToJestFormat (C:\Users\kryst\OneDrive\Desktop\accountability-buddys\accountability-buddy-frontend\node_modules\jest-circus\build\legacy-code-todo-rewrite\jestAdapterInit.js:122:21)
    at jestAdapter (C:\Users\kryst\OneDrive\Desktop\accountability-buddys\accountability-buddy-frontend\node_modules\jest-circus\build\legacy-code-todo-rewrite\jestAdapter.js:79:19)
    at runTestInternal (C:\Users\kryst\OneDrive\Desktop\accountability-buddys\accountability-buddy-frontend\node_modules\jest-runner\build\runTest.js:367:16)
    at runTest (C:\Users\kryst\OneDrive\Desktop\accountability-buddys\accountability-buddy-frontend\node_modules\jest-runner\build\runTest.js:444:34)
    at Object.worker (C:\Users\kryst\OneDrive\Desktop\accountability-buddys\accountability-buddy-frontend\node_modules\jest-runner\build\testWorker.js:106:12)</failure>
    </testcase>
  </testsuite>
  <testsuite name="Authentication Flow" errors="0" failures="5" skipped="0" timestamp="2025-01-18T21:06:47" time="1.024" tests="5">
    <testcase classname="Authentication Flow should load the authentication page" name="Authentication Flow should load the authentication page" time="0.007">
      <failure>ReferenceError: cy is not defined
    at Object.cy (C:\Users\kryst\OneDrive\Desktop\accountability-buddys\accountability-buddy-frontend\cypress\integration\authentications\auth.spec.ts:5:5)
    at Promise.then.completed (C:\Users\kryst\OneDrive\Desktop\accountability-buddys\accountability-buddy-frontend\node_modules\jest-circus\build\utils.js:298:28)
    at new Promise (&lt;anonymous&gt;)
    at callAsyncCircusFn (C:\Users\kryst\OneDrive\Desktop\accountability-buddys\accountability-buddy-frontend\node_modules\jest-circus\build\utils.js:231:10)
    at _callCircusHook (C:\Users\kryst\OneDrive\Desktop\accountability-buddys\accountability-buddy-frontend\node_modules\jest-circus\build\run.js:281:40)
    at processTicksAndRejections (node:internal/process/task_queues:105:5)
    at _runTest (C:\Users\kryst\OneDrive\Desktop\accountability-buddys\accountability-buddy-frontend\node_modules\jest-circus\build\run.js:246:5)
    at _runTestsForDescribeBlock (C:\Users\kryst\OneDrive\Desktop\accountability-buddys\accountability-buddy-frontend\node_modules\jest-circus\build\run.js:126:9)
    at _runTestsForDescribeBlock (C:\Users\kryst\OneDrive\Desktop\accountability-buddys\accountability-buddy-frontend\node_modules\jest-circus\build\run.js:121:9)
    at run (C:\Users\kryst\OneDrive\Desktop\accountability-buddys\accountability-buddy-frontend\node_modules\jest-circus\build\run.js:71:3)
    at runAndTransformResultsToJestFormat (C:\Users\kryst\OneDrive\Desktop\accountability-buddys\accountability-buddy-frontend\node_modules\jest-circus\build\legacy-code-todo-rewrite\jestAdapterInit.js:122:21)
    at jestAdapter (C:\Users\kryst\OneDrive\Desktop\accountability-buddys\accountability-buddy-frontend\node_modules\jest-circus\build\legacy-code-todo-rewrite\jestAdapter.js:79:19)
    at runTestInternal (C:\Users\kryst\OneDrive\Desktop\accountability-buddys\accountability-buddy-frontend\node_modules\jest-runner\build\runTest.js:367:16)
    at runTest (C:\Users\kryst\OneDrive\Desktop\accountability-buddys\accountability-buddy-frontend\node_modules\jest-runner\build\runTest.js:444:34)
    at Object.worker (C:\Users\kryst\OneDrive\Desktop\accountability-buddys\accountability-buddy-frontend\node_modules\jest-runner\build\testWorker.js:106:12)</failure>
    </testcase>
    <testcase classname="Authentication Flow should handle successful login" name="Authentication Flow should handle successful login" time="0.001">
      <failure>ReferenceError: cy is not defined
    at Object.cy (C:\Users\kryst\OneDrive\Desktop\accountability-buddys\accountability-buddy-frontend\cypress\integration\authentications\auth.spec.ts:5:5)
    at Promise.then.completed (C:\Users\kryst\OneDrive\Desktop\accountability-buddys\accountability-buddy-frontend\node_modules\jest-circus\build\utils.js:298:28)
    at new Promise (&lt;anonymous&gt;)
    at callAsyncCircusFn (C:\Users\kryst\OneDrive\Desktop\accountability-buddys\accountability-buddy-frontend\node_modules\jest-circus\build\utils.js:231:10)
    at _callCircusHook (C:\Users\kryst\OneDrive\Desktop\accountability-buddys\accountability-buddy-frontend\node_modules\jest-circus\build\run.js:281:40)
    at processTicksAndRejections (node:internal/process/task_queues:105:5)
    at _runTest (C:\Users\kryst\OneDrive\Desktop\accountability-buddys\accountability-buddy-frontend\node_modules\jest-circus\build\run.js:246:5)
    at _runTestsForDescribeBlock (C:\Users\kryst\OneDrive\Desktop\accountability-buddys\accountability-buddy-frontend\node_modules\jest-circus\build\run.js:126:9)
    at _runTestsForDescribeBlock (C:\Users\kryst\OneDrive\Desktop\accountability-buddys\accountability-buddy-frontend\node_modules\jest-circus\build\run.js:121:9)
    at run (C:\Users\kryst\OneDrive\Desktop\accountability-buddys\accountability-buddy-frontend\node_modules\jest-circus\build\run.js:71:3)
    at runAndTransformResultsToJestFormat (C:\Users\kryst\OneDrive\Desktop\accountability-buddys\accountability-buddy-frontend\node_modules\jest-circus\build\legacy-code-todo-rewrite\jestAdapterInit.js:122:21)
    at jestAdapter (C:\Users\kryst\OneDrive\Desktop\accountability-buddys\accountability-buddy-frontend\node_modules\jest-circus\build\legacy-code-todo-rewrite\jestAdapter.js:79:19)
    at runTestInternal (C:\Users\kryst\OneDrive\Desktop\accountability-buddys\accountability-buddy-frontend\node_modules\jest-runner\build\runTest.js:367:16)
    at runTest (C:\Users\kryst\OneDrive\Desktop\accountability-buddys\accountability-buddy-frontend\node_modules\jest-runner\build\runTest.js:444:34)
    at Object.worker (C:\Users\kryst\OneDrive\Desktop\accountability-buddys\accountability-buddy-frontend\node_modules\jest-runner\build\testWorker.js:106:12)</failure>
    </testcase>
    <testcase classname="Authentication Flow should display an error for invalid login" name="Authentication Flow should display an error for invalid login" time="0">
      <failure>ReferenceError: cy is not defined
    at Object.cy (C:\Users\kryst\OneDrive\Desktop\accountability-buddys\accountability-buddy-frontend\cypress\integration\authentications\auth.spec.ts:5:5)
    at Promise.then.completed (C:\Users\kryst\OneDrive\Desktop\accountability-buddys\accountability-buddy-frontend\node_modules\jest-circus\build\utils.js:298:28)
    at new Promise (&lt;anonymous&gt;)
    at callAsyncCircusFn (C:\Users\kryst\OneDrive\Desktop\accountability-buddys\accountability-buddy-frontend\node_modules\jest-circus\build\utils.js:231:10)
    at _callCircusHook (C:\Users\kryst\OneDrive\Desktop\accountability-buddys\accountability-buddy-frontend\node_modules\jest-circus\build\run.js:281:40)
    at processTicksAndRejections (node:internal/process/task_queues:105:5)
    at _runTest (C:\Users\kryst\OneDrive\Desktop\accountability-buddys\accountability-buddy-frontend\node_modules\jest-circus\build\run.js:246:5)
    at _runTestsForDescribeBlock (C:\Users\kryst\OneDrive\Desktop\accountability-buddys\accountability-buddy-frontend\node_modules\jest-circus\build\run.js:126:9)
    at _runTestsForDescribeBlock (C:\Users\kryst\OneDrive\Desktop\accountability-buddys\accountability-buddy-frontend\node_modules\jest-circus\build\run.js:121:9)
    at run (C:\Users\kryst\OneDrive\Desktop\accountability-buddys\accountability-buddy-frontend\node_modules\jest-circus\build\run.js:71:3)
    at runAndTransformResultsToJestFormat (C:\Users\kryst\OneDrive\Desktop\accountability-buddys\accountability-buddy-frontend\node_modules\jest-circus\build\legacy-code-todo-rewrite\jestAdapterInit.js:122:21)
    at jestAdapter (C:\Users\kryst\OneDrive\Desktop\accountability-buddys\accountability-buddy-frontend\node_modules\jest-circus\build\legacy-code-todo-rewrite\jestAdapter.js:79:19)
    at runTestInternal (C:\Users\kryst\OneDrive\Desktop\accountability-buddys\accountability-buddy-frontend\node_modules\jest-runner\build\runTest.js:367:16)
    at runTest (C:\Users\kryst\OneDrive\Desktop\accountability-buddys\accountability-buddy-frontend\node_modules\jest-runner\build\runTest.js:444:34)
    at Object.worker (C:\Users\kryst\OneDrive\Desktop\accountability-buddys\accountability-buddy-frontend\node_modules\jest-runner\build\testWorker.js:106:12)</failure>
    </testcase>
    <testcase classname="Authentication Flow should navigate to the registration page" name="Authentication Flow should navigate to the registration page" time="0.001">
      <failure>ReferenceError: cy is not defined
    at Object.cy (C:\Users\kryst\OneDrive\Desktop\accountability-buddys\accountability-buddy-frontend\cypress\integration\authentications\auth.spec.ts:5:5)
    at Promise.then.completed (C:\Users\kryst\OneDrive\Desktop\accountability-buddys\accountability-buddy-frontend\node_modules\jest-circus\build\utils.js:298:28)
    at new Promise (&lt;anonymous&gt;)
    at callAsyncCircusFn (C:\Users\kryst\OneDrive\Desktop\accountability-buddys\accountability-buddy-frontend\node_modules\jest-circus\build\utils.js:231:10)
    at _callCircusHook (C:\Users\kryst\OneDrive\Desktop\accountability-buddys\accountability-buddy-frontend\node_modules\jest-circus\build\run.js:281:40)
    at processTicksAndRejections (node:internal/process/task_queues:105:5)
    at _runTest (C:\Users\kryst\OneDrive\Desktop\accountability-buddys\accountability-buddy-frontend\node_modules\jest-circus\build\run.js:246:5)
    at _runTestsForDescribeBlock (C:\Users\kryst\OneDrive\Desktop\accountability-buddys\accountability-buddy-frontend\node_modules\jest-circus\build\run.js:126:9)
    at _runTestsForDescribeBlock (C:\Users\kryst\OneDrive\Desktop\accountability-buddys\accountability-buddy-frontend\node_modules\jest-circus\build\run.js:121:9)
    at run (C:\Users\kryst\OneDrive\Desktop\accountability-buddys\accountability-buddy-frontend\node_modules\jest-circus\build\run.js:71:3)
    at runAndTransformResultsToJestFormat (C:\Users\kryst\OneDrive\Desktop\accountability-buddys\accountability-buddy-frontend\node_modules\jest-circus\build\legacy-code-todo-rewrite\jestAdapterInit.js:122:21)
    at jestAdapter (C:\Users\kryst\OneDrive\Desktop\accountability-buddys\accountability-buddy-frontend\node_modules\jest-circus\build\legacy-code-todo-rewrite\jestAdapter.js:79:19)
    at runTestInternal (C:\Users\kryst\OneDrive\Desktop\accountability-buddys\accountability-buddy-frontend\node_modules\jest-runner\build\runTest.js:367:16)
    at runTest (C:\Users\kryst\OneDrive\Desktop\accountability-buddys\accountability-buddy-frontend\node_modules\jest-runner\build\runTest.js:444:34)
    at Object.worker (C:\Users\kryst\OneDrive\Desktop\accountability-buddys\accountability-buddy-frontend\node_modules\jest-runner\build\testWorker.js:106:12)</failure>
    </testcase>
    <testcase classname="Authentication Flow should navigate to forgot password page" name="Authentication Flow should navigate to forgot password page" time="0">
      <failure>ReferenceError: cy is not defined
    at Object.cy (C:\Users\kryst\OneDrive\Desktop\accountability-buddys\accountability-buddy-frontend\cypress\integration\authentications\auth.spec.ts:5:5)
    at Promise.then.completed (C:\Users\kryst\OneDrive\Desktop\accountability-buddys\accountability-buddy-frontend\node_modules\jest-circus\build\utils.js:298:28)
    at new Promise (&lt;anonymous&gt;)
    at callAsyncCircusFn (C:\Users\kryst\OneDrive\Desktop\accountability-buddys\accountability-buddy-frontend\node_modules\jest-circus\build\utils.js:231:10)
    at _callCircusHook (C:\Users\kryst\OneDrive\Desktop\accountability-buddys\accountability-buddy-frontend\node_modules\jest-circus\build\run.js:281:40)
    at processTicksAndRejections (node:internal/process/task_queues:105:5)
    at _runTest (C:\Users\kryst\OneDrive\Desktop\accountability-buddys\accountability-buddy-frontend\node_modules\jest-circus\build\run.js:246:5)
    at _runTestsForDescribeBlock (C:\Users\kryst\OneDrive\Desktop\accountability-buddys\accountability-buddy-frontend\node_modules\jest-circus\build\run.js:126:9)
    at _runTestsForDescribeBlock (C:\Users\kryst\OneDrive\Desktop\accountability-buddys\accountability-buddy-frontend\node_modules\jest-circus\build\run.js:121:9)
    at run (C:\Users\kryst\OneDrive\Desktop\accountability-buddys\accountability-buddy-frontend\node_modules\jest-circus\build\run.js:71:3)
    at runAndTransformResultsToJestFormat (C:\Users\kryst\OneDrive\Desktop\accountability-buddys\accountability-buddy-frontend\node_modules\jest-circus\build\legacy-code-todo-rewrite\jestAdapterInit.js:122:21)
    at jestAdapter (C:\Users\kryst\OneDrive\Desktop\accountability-buddys\accountability-buddy-frontend\node_modules\jest-circus\build\legacy-code-todo-rewrite\jestAdapter.js:79:19)
    at runTestInternal (C:\Users\kryst\OneDrive\Desktop\accountability-buddys\accountability-buddy-frontend\node_modules\jest-runner\build\runTest.js:367:16)
    at runTest (C:\Users\kryst\OneDrive\Desktop\accountability-buddys\accountability-buddy-frontend\node_modules\jest-runner\build\runTest.js:444:34)
    at Object.worker (C:\Users\kryst\OneDrive\Desktop\accountability-buddys\accountability-buddy-frontend\node_modules\jest-runner\build\testWorker.js:106:12)</failure>
    </testcase>
  </testsuite>
  <testsuite name="User Registration" errors="0" failures="4" skipped="0" timestamp="2025-01-18T21:06:47" time="0.982" tests="4">
    <testcase classname="User Registration should load the registration page" name="User Registration should load the registration page" time="0.008">
      <failure>ReferenceError: cy is not defined
    at Object.cy (C:\Users\kryst\OneDrive\Desktop\accountability-buddys\accountability-buddy-frontend\cypress\integration\authentications\registration.spec.ts:5:5)
    at Promise.then.completed (C:\Users\kryst\OneDrive\Desktop\accountability-buddys\accountability-buddy-frontend\node_modules\jest-circus\build\utils.js:298:28)
    at new Promise (&lt;anonymous&gt;)
    at callAsyncCircusFn (C:\Users\kryst\OneDrive\Desktop\accountability-buddys\accountability-buddy-frontend\node_modules\jest-circus\build\utils.js:231:10)
    at _callCircusHook (C:\Users\kryst\OneDrive\Desktop\accountability-buddys\accountability-buddy-frontend\node_modules\jest-circus\build\run.js:281:40)
    at processTicksAndRejections (node:internal/process/task_queues:105:5)
    at _runTest (C:\Users\kryst\OneDrive\Desktop\accountability-buddys\accountability-buddy-frontend\node_modules\jest-circus\build\run.js:246:5)
    at _runTestsForDescribeBlock (C:\Users\kryst\OneDrive\Desktop\accountability-buddys\accountability-buddy-frontend\node_modules\jest-circus\build\run.js:126:9)
    at _runTestsForDescribeBlock (C:\Users\kryst\OneDrive\Desktop\accountability-buddys\accountability-buddy-frontend\node_modules\jest-circus\build\run.js:121:9)
    at run (C:\Users\kryst\OneDrive\Desktop\accountability-buddys\accountability-buddy-frontend\node_modules\jest-circus\build\run.js:71:3)
    at runAndTransformResultsToJestFormat (C:\Users\kryst\OneDrive\Desktop\accountability-buddys\accountability-buddy-frontend\node_modules\jest-circus\build\legacy-code-todo-rewrite\jestAdapterInit.js:122:21)
    at jestAdapter (C:\Users\kryst\OneDrive\Desktop\accountability-buddys\accountability-buddy-frontend\node_modules\jest-circus\build\legacy-code-todo-rewrite\jestAdapter.js:79:19)
    at runTestInternal (C:\Users\kryst\OneDrive\Desktop\accountability-buddys\accountability-buddy-frontend\node_modules\jest-runner\build\runTest.js:367:16)
    at runTest (C:\Users\kryst\OneDrive\Desktop\accountability-buddys\accountability-buddy-frontend\node_modules\jest-runner\build\runTest.js:444:34)
    at Object.worker (C:\Users\kryst\OneDrive\Desktop\accountability-buddys\accountability-buddy-frontend\node_modules\jest-runner\build\testWorker.js:106:12)</failure>
    </testcase>
    <testcase classname="User Registration should register a new user successfully" name="User Registration should register a new user successfully" time="0.001">
      <failure>ReferenceError: cy is not defined
    at Object.cy (C:\Users\kryst\OneDrive\Desktop\accountability-buddys\accountability-buddy-frontend\cypress\integration\authentications\registration.spec.ts:5:5)
    at Promise.then.completed (C:\Users\kryst\OneDrive\Desktop\accountability-buddys\accountability-buddy-frontend\node_modules\jest-circus\build\utils.js:298:28)
    at new Promise (&lt;anonymous&gt;)
    at callAsyncCircusFn (C:\Users\kryst\OneDrive\Desktop\accountability-buddys\accountability-buddy-frontend\node_modules\jest-circus\build\utils.js:231:10)
    at _callCircusHook (C:\Users\kryst\OneDrive\Desktop\accountability-buddys\accountability-buddy-frontend\node_modules\jest-circus\build\run.js:281:40)
    at processTicksAndRejections (node:internal/process/task_queues:105:5)
    at _runTest (C:\Users\kryst\OneDrive\Desktop\accountability-buddys\accountability-buddy-frontend\node_modules\jest-circus\build\run.js:246:5)
    at _runTestsForDescribeBlock (C:\Users\kryst\OneDrive\Desktop\accountability-buddys\accountability-buddy-frontend\node_modules\jest-circus\build\run.js:126:9)
    at _runTestsForDescribeBlock (C:\Users\kryst\OneDrive\Desktop\accountability-buddys\accountability-buddy-frontend\node_modules\jest-circus\build\run.js:121:9)
    at run (C:\Users\kryst\OneDrive\Desktop\accountability-buddys\accountability-buddy-frontend\node_modules\jest-circus\build\run.js:71:3)
    at runAndTransformResultsToJestFormat (C:\Users\kryst\OneDrive\Desktop\accountability-buddys\accountability-buddy-frontend\node_modules\jest-circus\build\legacy-code-todo-rewrite\jestAdapterInit.js:122:21)
    at jestAdapter (C:\Users\kryst\OneDrive\Desktop\accountability-buddys\accountability-buddy-frontend\node_modules\jest-circus\build\legacy-code-todo-rewrite\jestAdapter.js:79:19)
    at runTestInternal (C:\Users\kryst\OneDrive\Desktop\accountability-buddys\accountability-buddy-frontend\node_modules\jest-runner\build\runTest.js:367:16)
    at runTest (C:\Users\kryst\OneDrive\Desktop\accountability-buddys\accountability-buddy-frontend\node_modules\jest-runner\build\runTest.js:444:34)
    at Object.worker (C:\Users\kryst\OneDrive\Desktop\accountability-buddys\accountability-buddy-frontend\node_modules\jest-runner\build\testWorker.js:106:12)</failure>
    </testcase>
    <testcase classname="User Registration should display an error for mismatched passwords" name="User Registration should display an error for mismatched passwords" time="0">
      <failure>ReferenceError: cy is not defined
    at Object.cy (C:\Users\kryst\OneDrive\Desktop\accountability-buddys\accountability-buddy-frontend\cypress\integration\authentications\registration.spec.ts:5:5)
    at Promise.then.completed (C:\Users\kryst\OneDrive\Desktop\accountability-buddys\accountability-buddy-frontend\node_modules\jest-circus\build\utils.js:298:28)
    at new Promise (&lt;anonymous&gt;)
    at callAsyncCircusFn (C:\Users\kryst\OneDrive\Desktop\accountability-buddys\accountability-buddy-frontend\node_modules\jest-circus\build\utils.js:231:10)
    at _callCircusHook (C:\Users\kryst\OneDrive\Desktop\accountability-buddys\accountability-buddy-frontend\node_modules\jest-circus\build\run.js:281:40)
    at processTicksAndRejections (node:internal/process/task_queues:105:5)
    at _runTest (C:\Users\kryst\OneDrive\Desktop\accountability-buddys\accountability-buddy-frontend\node_modules\jest-circus\build\run.js:246:5)
    at _runTestsForDescribeBlock (C:\Users\kryst\OneDrive\Desktop\accountability-buddys\accountability-buddy-frontend\node_modules\jest-circus\build\run.js:126:9)
    at _runTestsForDescribeBlock (C:\Users\kryst\OneDrive\Desktop\accountability-buddys\accountability-buddy-frontend\node_modules\jest-circus\build\run.js:121:9)
    at run (C:\Users\kryst\OneDrive\Desktop\accountability-buddys\accountability-buddy-frontend\node_modules\jest-circus\build\run.js:71:3)
    at runAndTransformResultsToJestFormat (C:\Users\kryst\OneDrive\Desktop\accountability-buddys\accountability-buddy-frontend\node_modules\jest-circus\build\legacy-code-todo-rewrite\jestAdapterInit.js:122:21)
    at jestAdapter (C:\Users\kryst\OneDrive\Desktop\accountability-buddys\accountability-buddy-frontend\node_modules\jest-circus\build\legacy-code-todo-rewrite\jestAdapter.js:79:19)
    at runTestInternal (C:\Users\kryst\OneDrive\Desktop\accountability-buddys\accountability-buddy-frontend\node_modules\jest-runner\build\runTest.js:367:16)
    at runTest (C:\Users\kryst\OneDrive\Desktop\accountability-buddys\accountability-buddy-frontend\node_modules\jest-runner\build\runTest.js:444:34)
    at Object.worker (C:\Users\kryst\OneDrive\Desktop\accountability-buddys\accountability-buddy-frontend\node_modules\jest-runner\build\testWorker.js:106:12)</failure>
    </testcase>
    <testcase classname="User Registration should display an error for an existing username" name="User Registration should display an error for an existing username" time="0">
      <failure>ReferenceError: cy is not defined
    at Object.cy (C:\Users\kryst\OneDrive\Desktop\accountability-buddys\accountability-buddy-frontend\cypress\integration\authentications\registration.spec.ts:5:5)
    at Promise.then.completed (C:\Users\kryst\OneDrive\Desktop\accountability-buddys\accountability-buddy-frontend\node_modules\jest-circus\build\utils.js:298:28)
    at new Promise (&lt;anonymous&gt;)
    at callAsyncCircusFn (C:\Users\kryst\OneDrive\Desktop\accountability-buddys\accountability-buddy-frontend\node_modules\jest-circus\build\utils.js:231:10)
    at _callCircusHook (C:\Users\kryst\OneDrive\Desktop\accountability-buddys\accountability-buddy-frontend\node_modules\jest-circus\build\run.js:281:40)
    at processTicksAndRejections (node:internal/process/task_queues:105:5)
    at _runTest (C:\Users\kryst\OneDrive\Desktop\accountability-buddys\accountability-buddy-frontend\node_modules\jest-circus\build\run.js:246:5)
    at _runTestsForDescribeBlock (C:\Users\kryst\OneDrive\Desktop\accountability-buddys\accountability-buddy-frontend\node_modules\jest-circus\build\run.js:126:9)
    at _runTestsForDescribeBlock (C:\Users\kryst\OneDrive\Desktop\accountability-buddys\accountability-buddy-frontend\node_modules\jest-circus\build\run.js:121:9)
    at run (C:\Users\kryst\OneDrive\Desktop\accountability-buddys\accountability-buddy-frontend\node_modules\jest-circus\build\run.js:71:3)
    at runAndTransformResultsToJestFormat (C:\Users\kryst\OneDrive\Desktop\accountability-buddys\accountability-buddy-frontend\node_modules\jest-circus\build\legacy-code-todo-rewrite\jestAdapterInit.js:122:21)
    at jestAdapter (C:\Users\kryst\OneDrive\Desktop\accountability-buddys\accountability-buddy-frontend\node_modules\jest-circus\build\legacy-code-todo-rewrite\jestAdapter.js:79:19)
    at runTestInternal (C:\Users\kryst\OneDrive\Desktop\accountability-buddys\accountability-buddy-frontend\node_modules\jest-runner\build\runTest.js:367:16)
    at runTest (C:\Users\kryst\OneDrive\Desktop\accountability-buddys\accountability-buddy-frontend\node_modules\jest-runner\build\runTest.js:444:34)
    at Object.worker (C:\Users\kryst\OneDrive\Desktop\accountability-buddys\accountability-buddy-frontend\node_modules\jest-runner\build\testWorker.js:106:12)</failure>
    </testcase>
  </testsuite>
  <testsuite name="Error Pages" errors="0" failures="3" skipped="0" timestamp="2025-01-18T21:06:47" time="1.018" tests="3">
    <testcase classname="Error Pages should display a 404 page for non-existent routes" name="Error Pages should display a 404 page for non-existent routes" time="0.017">
      <failure>ReferenceError: cy is not defined
    at Object.cy (C:\Users\kryst\OneDrive\Desktop\accountability-buddys\accountability-buddy-frontend\cypress\integration\errors\error-page.spec.ts:5:5)
    at Promise.then.completed (C:\Users\kryst\OneDrive\Desktop\accountability-buddys\accountability-buddy-frontend\node_modules\jest-circus\build\utils.js:298:28)
    at new Promise (&lt;anonymous&gt;)
    at callAsyncCircusFn (C:\Users\kryst\OneDrive\Desktop\accountability-buddys\accountability-buddy-frontend\node_modules\jest-circus\build\utils.js:231:10)
    at _callCircusHook (C:\Users\kryst\OneDrive\Desktop\accountability-buddys\accountability-buddy-frontend\node_modules\jest-circus\build\run.js:281:40)
    at processTicksAndRejections (node:internal/process/task_queues:105:5)
    at _runTest (C:\Users\kryst\OneDrive\Desktop\accountability-buddys\accountability-buddy-frontend\node_modules\jest-circus\build\run.js:246:5)
    at _runTestsForDescribeBlock (C:\Users\kryst\OneDrive\Desktop\accountability-buddys\accountability-buddy-frontend\node_modules\jest-circus\build\run.js:126:9)
    at _runTestsForDescribeBlock (C:\Users\kryst\OneDrive\Desktop\accountability-buddys\accountability-buddy-frontend\node_modules\jest-circus\build\run.js:121:9)
    at run (C:\Users\kryst\OneDrive\Desktop\accountability-buddys\accountability-buddy-frontend\node_modules\jest-circus\build\run.js:71:3)
    at runAndTransformResultsToJestFormat (C:\Users\kryst\OneDrive\Desktop\accountability-buddys\accountability-buddy-frontend\node_modules\jest-circus\build\legacy-code-todo-rewrite\jestAdapterInit.js:122:21)
    at jestAdapter (C:\Users\kryst\OneDrive\Desktop\accountability-buddys\accountability-buddy-frontend\node_modules\jest-circus\build\legacy-code-todo-rewrite\jestAdapter.js:79:19)
    at runTestInternal (C:\Users\kryst\OneDrive\Desktop\accountability-buddys\accountability-buddy-frontend\node_modules\jest-runner\build\runTest.js:367:16)
    at runTest (C:\Users\kryst\OneDrive\Desktop\accountability-buddys\accountability-buddy-frontend\node_modules\jest-runner\build\runTest.js:444:34)
    at Object.worker (C:\Users\kryst\OneDrive\Desktop\accountability-buddys\accountability-buddy-frontend\node_modules\jest-runner\build\testWorker.js:106:12)</failure>
    </testcase>
    <testcase classname="Error Pages should handle server errors gracefully (500 Internal Server Error)" name="Error Pages should handle server errors gracefully (500 Internal Server Error)" time="0.001">
      <failure>ReferenceError: cy is not defined
    at Object.cy (C:\Users\kryst\OneDrive\Desktop\accountability-buddys\accountability-buddy-frontend\cypress\integration\errors\error-page.spec.ts:5:5)
    at Promise.then.completed (C:\Users\kryst\OneDrive\Desktop\accountability-buddys\accountability-buddy-frontend\node_modules\jest-circus\build\utils.js:298:28)
    at new Promise (&lt;anonymous&gt;)
    at callAsyncCircusFn (C:\Users\kryst\OneDrive\Desktop\accountability-buddys\accountability-buddy-frontend\node_modules\jest-circus\build\utils.js:231:10)
    at _callCircusHook (C:\Users\kryst\OneDrive\Desktop\accountability-buddys\accountability-buddy-frontend\node_modules\jest-circus\build\run.js:281:40)
    at processTicksAndRejections (node:internal/process/task_queues:105:5)
    at _runTest (C:\Users\kryst\OneDrive\Desktop\accountability-buddys\accountability-buddy-frontend\node_modules\jest-circus\build\run.js:246:5)
    at _runTestsForDescribeBlock (C:\Users\kryst\OneDrive\Desktop\accountability-buddys\accountability-buddy-frontend\node_modules\jest-circus\build\run.js:126:9)
    at _runTestsForDescribeBlock (C:\Users\kryst\OneDrive\Desktop\accountability-buddys\accountability-buddy-frontend\node_modules\jest-circus\build\run.js:121:9)
    at run (C:\Users\kryst\OneDrive\Desktop\accountability-buddys\accountability-buddy-frontend\node_modules\jest-circus\build\run.js:71:3)
    at runAndTransformResultsToJestFormat (C:\Users\kryst\OneDrive\Desktop\accountability-buddys\accountability-buddy-frontend\node_modules\jest-circus\build\legacy-code-todo-rewrite\jestAdapterInit.js:122:21)
    at jestAdapter (C:\Users\kryst\OneDrive\Desktop\accountability-buddys\accountability-buddy-frontend\node_modules\jest-circus\build\legacy-code-todo-rewrite\jestAdapter.js:79:19)
    at runTestInternal (C:\Users\kryst\OneDrive\Desktop\accountability-buddys\accountability-buddy-frontend\node_modules\jest-runner\build\runTest.js:367:16)
    at runTest (C:\Users\kryst\OneDrive\Desktop\accountability-buddys\accountability-buddy-frontend\node_modules\jest-runner\build\runTest.js:444:34)
    at Object.worker (C:\Users\kryst\OneDrive\Desktop\accountability-buddys\accountability-buddy-frontend\node_modules\jest-runner\build\testWorker.js:106:12)</failure>
    </testcase>
    <testcase classname="Error Pages should redirect to a custom error page on major failures" name="Error Pages should redirect to a custom error page on major failures" time="0">
      <failure>ReferenceError: cy is not defined
    at Object.cy (C:\Users\kryst\OneDrive\Desktop\accountability-buddys\accountability-buddy-frontend\cypress\integration\errors\error-page.spec.ts:5:5)
    at Promise.then.completed (C:\Users\kryst\OneDrive\Desktop\accountability-buddys\accountability-buddy-frontend\node_modules\jest-circus\build\utils.js:298:28)
    at new Promise (&lt;anonymous&gt;)
    at callAsyncCircusFn (C:\Users\kryst\OneDrive\Desktop\accountability-buddys\accountability-buddy-frontend\node_modules\jest-circus\build\utils.js:231:10)
    at _callCircusHook (C:\Users\kryst\OneDrive\Desktop\accountability-buddys\accountability-buddy-frontend\node_modules\jest-circus\build\run.js:281:40)
    at processTicksAndRejections (node:internal/process/task_queues:105:5)
    at _runTest (C:\Users\kryst\OneDrive\Desktop\accountability-buddys\accountability-buddy-frontend\node_modules\jest-circus\build\run.js:246:5)
    at _runTestsForDescribeBlock (C:\Users\kryst\OneDrive\Desktop\accountability-buddys\accountability-buddy-frontend\node_modules\jest-circus\build\run.js:126:9)
    at _runTestsForDescribeBlock (C:\Users\kryst\OneDrive\Desktop\accountability-buddys\accountability-buddy-frontend\node_modules\jest-circus\build\run.js:121:9)
    at run (C:\Users\kryst\OneDrive\Desktop\accountability-buddys\accountability-buddy-frontend\node_modules\jest-circus\build\run.js:71:3)
    at runAndTransformResultsToJestFormat (C:\Users\kryst\OneDrive\Desktop\accountability-buddys\accountability-buddy-frontend\node_modules\jest-circus\build\legacy-code-todo-rewrite\jestAdapterInit.js:122:21)
    at jestAdapter (C:\Users\kryst\OneDrive\Desktop\accountability-buddys\accountability-buddy-frontend\node_modules\jest-circus\build\legacy-code-todo-rewrite\jestAdapter.js:79:19)
    at runTestInternal (C:\Users\kryst\OneDrive\Desktop\accountability-buddys\accountability-buddy-frontend\node_modules\jest-runner\build\runTest.js:367:16)
    at runTest (C:\Users\kryst\OneDrive\Desktop\accountability-buddys\accountability-buddy-frontend\node_modules\jest-runner\build\runTest.js:444:34)
    at Object.worker (C:\Users\kryst\OneDrive\Desktop\accountability-buddys\accountability-buddy-frontend\node_modules\jest-runner\build\testWorker.js:106:12)</failure>
    </testcase>
  </testsuite>
  <testsuite name="Settings Management" errors="0" failures="2" skipped="0" timestamp="2025-01-18T21:06:47" time="1.013" tests="2">
    <testcase classname="Settings Management should load the settings page" name="Settings Management should load the settings page" time="0.01">
      <failure>ReferenceError: cy is not defined
    at Object.cy (C:\Users\kryst\OneDrive\Desktop\accountability-buddys\accountability-buddy-frontend\cypress\integration\settings\setting.spec.ts:5:5)
    at Promise.then.completed (C:\Users\kryst\OneDrive\Desktop\accountability-buddys\accountability-buddy-frontend\node_modules\jest-circus\build\utils.js:298:28)
    at new Promise (&lt;anonymous&gt;)
    at callAsyncCircusFn (C:\Users\kryst\OneDrive\Desktop\accountability-buddys\accountability-buddy-frontend\node_modules\jest-circus\build\utils.js:231:10)
    at _callCircusHook (C:\Users\kryst\OneDrive\Desktop\accountability-buddys\accountability-buddy-frontend\node_modules\jest-circus\build\run.js:281:40)
    at processTicksAndRejections (node:internal/process/task_queues:105:5)
    at _runTest (C:\Users\kryst\OneDrive\Desktop\accountability-buddys\accountability-buddy-frontend\node_modules\jest-circus\build\run.js:246:5)
    at _runTestsForDescribeBlock (C:\Users\kryst\OneDrive\Desktop\accountability-buddys\accountability-buddy-frontend\node_modules\jest-circus\build\run.js:126:9)
    at _runTestsForDescribeBlock (C:\Users\kryst\OneDrive\Desktop\accountability-buddys\accountability-buddy-frontend\node_modules\jest-circus\build\run.js:121:9)
    at run (C:\Users\kryst\OneDrive\Desktop\accountability-buddys\accountability-buddy-frontend\node_modules\jest-circus\build\run.js:71:3)
    at runAndTransformResultsToJestFormat (C:\Users\kryst\OneDrive\Desktop\accountability-buddys\accountability-buddy-frontend\node_modules\jest-circus\build\legacy-code-todo-rewrite\jestAdapterInit.js:122:21)
    at jestAdapter (C:\Users\kryst\OneDrive\Desktop\accountability-buddys\accountability-buddy-frontend\node_modules\jest-circus\build\legacy-code-todo-rewrite\jestAdapter.js:79:19)
    at runTestInternal (C:\Users\kryst\OneDrive\Desktop\accountability-buddys\accountability-buddy-frontend\node_modules\jest-runner\build\runTest.js:367:16)
    at runTest (C:\Users\kryst\OneDrive\Desktop\accountability-buddys\accountability-buddy-frontend\node_modules\jest-runner\build\runTest.js:444:34)
    at Object.worker (C:\Users\kryst\OneDrive\Desktop\accountability-buddys\accountability-buddy-frontend\node_modules\jest-runner\build\testWorker.js:106:12)</failure>
    </testcase>
    <testcase classname="Settings Management should update user preferences" name="Settings Management should update user preferences" time="0">
      <failure>ReferenceError: cy is not defined
    at Object.cy (C:\Users\kryst\OneDrive\Desktop\accountability-buddys\accountability-buddy-frontend\cypress\integration\settings\setting.spec.ts:5:5)
    at Promise.then.completed (C:\Users\kryst\OneDrive\Desktop\accountability-buddys\accountability-buddy-frontend\node_modules\jest-circus\build\utils.js:298:28)
    at new Promise (&lt;anonymous&gt;)
    at callAsyncCircusFn (C:\Users\kryst\OneDrive\Desktop\accountability-buddys\accountability-buddy-frontend\node_modules\jest-circus\build\utils.js:231:10)
    at _callCircusHook (C:\Users\kryst\OneDrive\Desktop\accountability-buddys\accountability-buddy-frontend\node_modules\jest-circus\build\run.js:281:40)
    at processTicksAndRejections (node:internal/process/task_queues:105:5)
    at _runTest (C:\Users\kryst\OneDrive\Desktop\accountability-buddys\accountability-buddy-frontend\node_modules\jest-circus\build\run.js:246:5)
    at _runTestsForDescribeBlock (C:\Users\kryst\OneDrive\Desktop\accountability-buddys\accountability-buddy-frontend\node_modules\jest-circus\build\run.js:126:9)
    at _runTestsForDescribeBlock (C:\Users\kryst\OneDrive\Desktop\accountability-buddys\accountability-buddy-frontend\node_modules\jest-circus\build\run.js:121:9)
    at run (C:\Users\kryst\OneDrive\Desktop\accountability-buddys\accountability-buddy-frontend\node_modules\jest-circus\build\run.js:71:3)
    at runAndTransformResultsToJestFormat (C:\Users\kryst\OneDrive\Desktop\accountability-buddys\accountability-buddy-frontend\node_modules\jest-circus\build\legacy-code-todo-rewrite\jestAdapterInit.js:122:21)
    at jestAdapter (C:\Users\kryst\OneDrive\Desktop\accountability-buddys\accountability-buddy-frontend\node_modules\jest-circus\build\legacy-code-todo-rewrite\jestAdapter.js:79:19)
    at runTestInternal (C:\Users\kryst\OneDrive\Desktop\accountability-buddys\accountability-buddy-frontend\node_modules\jest-runner\build\runTest.js:367:16)
    at runTest (C:\Users\kryst\OneDrive\Desktop\accountability-buddys\accountability-buddy-frontend\node_modules\jest-runner\build\runTest.js:444:34)
    at Object.worker (C:\Users\kryst\OneDrive\Desktop\accountability-buddys\accountability-buddy-frontend\node_modules\jest-runner\build\testWorker.js:106:12)</failure>
    </testcase>
  </testsuite>
  <testsuite name="Login Functionality" errors="0" failures="4" skipped="0" timestamp="2025-01-18T21:06:47" time="1.015" tests="4">
    <testcase classname="Login Functionality should display the login page" name="Login Functionality should display the login page" time="0.016">
      <failure>ReferenceError: cy is not defined
    at Object.cy (C:\Users\kryst\OneDrive\Desktop\accountability-buddys\accountability-buddy-frontend\cypress\integration\authentications\login.spec.ts:5:5)
    at Promise.then.completed (C:\Users\kryst\OneDrive\Desktop\accountability-buddys\accountability-buddy-frontend\node_modules\jest-circus\build\utils.js:298:28)
    at new Promise (&lt;anonymous&gt;)
    at callAsyncCircusFn (C:\Users\kryst\OneDrive\Desktop\accountability-buddys\accountability-buddy-frontend\node_modules\jest-circus\build\utils.js:231:10)
    at _callCircusHook (C:\Users\kryst\OneDrive\Desktop\accountability-buddys\accountability-buddy-frontend\node_modules\jest-circus\build\run.js:281:40)
    at processTicksAndRejections (node:internal/process/task_queues:105:5)
    at _runTest (C:\Users\kryst\OneDrive\Desktop\accountability-buddys\accountability-buddy-frontend\node_modules\jest-circus\build\run.js:246:5)
    at _runTestsForDescribeBlock (C:\Users\kryst\OneDrive\Desktop\accountability-buddys\accountability-buddy-frontend\node_modules\jest-circus\build\run.js:126:9)
    at _runTestsForDescribeBlock (C:\Users\kryst\OneDrive\Desktop\accountability-buddys\accountability-buddy-frontend\node_modules\jest-circus\build\run.js:121:9)
    at run (C:\Users\kryst\OneDrive\Desktop\accountability-buddys\accountability-buddy-frontend\node_modules\jest-circus\build\run.js:71:3)
[...]
        &gt;
          Manage roles, permissions, and administrative settings with ease.
        &lt;/p&gt;
      &lt;/header&gt;
      &lt;main
        class=&quot;max-w-6xl mx-auto grid grid-cols-1 md:grid-cols-2 lg:grid-cols-3 gap-6&quot;
      &gt;
        &lt;section
          class=&quot;bg-white p-6 rounded-lg shadow-lg hover:shadow-xl transform hover:scale-105 transition-transform duration-300&quot;
        &gt;
          &lt;h2
            class=&quot;text-2xl font-semibold mb-4 text-gray-800&quot;
          &gt;
            User Roles
          &lt;/h2&gt;
          &lt;p
            class=&quot;text-gray-600 mb-4&quot;
          &gt;
            Assign roles and manage user permissions across the platform.
          &lt;/p&gt;
          &lt;button
            class=&quot;w-full bg-blue-600 text-white py-2 px-4 rounded-lg hover:bg-blue-700 transition-colors&quot;
          &gt;
            Manage Roles
          &lt;/button&gt;
        &lt;/section&gt;
        &lt;section
          class=&quot;bg-white p-6 rounded-lg shadow-lg hover:shadow-xl transform hover:scale-105 transition-transform duration-300&quot;
        &gt;
          &lt;h2
            class=&quot;text-2xl font-semibold mb-4 text-gray-800&quot;
          &gt;
            Permissions
          &lt;/h2&gt;
          &lt;p
            class=&quot;text-gray-600 mb-4&quot;
          &gt;
            Define what users can access and modify on the platform.
          &lt;/p&gt;
          &lt;button
            class=&quot;w-full bg-green-600 text-white py-2 px-4 rounded-lg hover:bg-green-700 transition-colors&quot;
          &gt;
            Manage Permissions
          &lt;/button&gt;
        &lt;/section&gt;
        &lt;section
          class=&quot;bg-white p-6 rounded-lg shadow-lg hover:shadow-xl transform hover:scale-105 transition-transform duration-300&quot;
        &gt;
          &lt;h2
            class=&quot;text-2xl font-semibold mb-4 text-gray-800&quot;
          &gt;
            System Settings
          &lt;/h2&gt;
          &lt;p
            class=&quot;text-gray-600 mb-4&quot;
          &gt;
            Adjust global configurations for the platform.
          &lt;/p&gt;
          &lt;button
            class=&quot;w-full bg-orange-600 text-white py-2 px-4 rounded-lg hover:bg-orange-700 transition-colors&quot;
          &gt;
            Edit Settings
          &lt;/button&gt;
        &lt;/section&gt;
      &lt;/main&gt;
      &lt;footer
        class=&quot;mt-12 text-center text-gray-600&quot;
      &gt;
        © 
        2025
         Accountability Buddy. All rights reserved.
      &lt;/footer&gt;
    &lt;/div&gt;
  &lt;/div&gt;
  &lt;div&gt;
    &lt;div
      class=&quot;min-h-screen bg-gradient-to-br from-gray-50 to-gray-100 p-6&quot;
    &gt;
      &lt;header
        class=&quot;mb-8&quot;
      &gt;
        &lt;h1
          class=&quot;text-4xl font-extrabold text-gray-800 text-center&quot;
        &gt;
          Admin Management
        &lt;/h1&gt;
        &lt;p
          class=&quot;text-lg text-gray-600 text-center&quot;
        &gt;
          Manage roles, permissions, and administrative settings with ease.
        &lt;/p&gt;
      &lt;/header&gt;
      &lt;main
        class=&quot;max-w-6xl mx-auto grid grid-cols-1 md:grid-cols-2 lg:grid-cols-3 gap-6&quot;
      &gt;
        &lt;section
          class=&quot;bg-white p-6 rounded-lg shadow-lg hover:shadow-xl transform hover:scale-105 transition-transform duration-300&quot;
        &gt;
          &lt;h2
            class=&quot;text-2xl font-semibold mb-4 text-gray-800&quot;
          &gt;
            User Roles
          &lt;/h2&gt;
          &lt;p
            class=&quot;text-gray-600 mb-4&quot;
          &gt;
            Assign roles and manage user permissions across the platform.
          &lt;/p&gt;
          &lt;button
            class=&quot;w-full bg-blue-600 text-white py-2 px-4 rounded-lg hover:bg-blue-700 transition-colors&quot;
          &gt;
            Manage Roles
          &lt;/button&gt;
        &lt;/section&gt;
        &lt;section
          class=&quot;bg-white p-6 rounded-lg shadow-lg hover:shadow-xl transform hover:scale-105 transition-transform duration-300&quot;
        &gt;
          &lt;h2
            class=&quot;text-2xl font-semibold mb-4 text-gray-800&quot;
          &gt;
            Permissions
          &lt;/h2&gt;
          &lt;p
            class=&quot;text-gray-600 mb-4&quot;
          &gt;
            Define what users can access and modify on the platform.
          &lt;/p&gt;
          &lt;button
            class=&quot;w-full bg-green-600 text-white py-2 px-4 rounded-lg hover:bg-green-700 transition-colors&quot;
          &gt;
            Manage Permissions
          &lt;/button&gt;
        &lt;/section&gt;
        &lt;section
          class=&quot;bg-white p-6 rounded-lg shadow-lg hover:shadow-xl transform hover:scale-105 transition-transform duration-300&quot;
        &gt;
          &lt;h2
            class=&quot;text-2xl font-semibold mb-4 text-gray-800&quot;
          &gt;
            System Settings
          &lt;/h2&gt;
          &lt;p
            class=&quot;text-gray-600 mb-4&quot;
          &gt;
            Adjust global configurations for the platform.
          &lt;/p&gt;
          &lt;button
            class=&quot;w-full bg-orange-600 text-white py-2 px-4 rounded-lg hover:bg-orange-700 transition-colors&quot;
          &gt;
            Edit Settings
          &lt;/button&gt;
        &lt;/section&gt;
      &lt;/main&gt;
      &lt;footer
        class=&quot;mt-12 text-center text-gray-600&quot;
      &gt;
        © 
        2025
         Accountability Buddy. All rights reserved.
      &lt;/footer&gt;
    &lt;/div&gt;
  &lt;/div&gt;
&lt;/body&gt;
    at waitForWrapper (C:\Users\kryst\OneDrive\Desktop\accountability-buddys\accountability-buddy-frontend\node_modules\@testing-library\dom\dist\wait-for.js:163:27)
    at Object.&lt;anonymous&gt; (C:\Users\kryst\OneDrive\Desktop\accountability-buddys\accountability-buddy-frontend\__tests__\pages\AdminManagement.test.tsx:29:18)
    at Promise.then.completed (C:\Users\kryst\OneDrive\Desktop\accountability-buddys\accountability-buddy-frontend\node_modules\jest-circus\build\utils.js:298:28)
    at new Promise (&lt;anonymous&gt;)
    at callAsyncCircusFn (C:\Users\kryst\OneDrive\Desktop\accountability-buddys\accountability-buddy-frontend\node_modules\jest-circus\build\utils.js:231:10)
    at _callCircusTest (C:\Users\kryst\OneDrive\Desktop\accountability-buddys\accountability-buddy-frontend\node_modules\jest-circus\build\run.js:316:40)
    at processTicksAndRejections (node:internal/process/task_queues:105:5)
    at _runTest (C:\Users\kryst\OneDrive\Desktop\accountability-buddys\accountability-buddy-frontend\node_modules\jest-circus\build\run.js:252:3)
    at _runTestsForDescribeBlock (C:\Users\kryst\OneDrive\Desktop\accountability-buddys\accountability-buddy-frontend\node_modules\jest-circus\build\run.js:126:9)
    at _runTestsForDescribeBlock (C:\Users\kryst\OneDrive\Desktop\accountability-buddys\accountability-buddy-frontend\node_modules\jest-circus\build\run.js:121:9)
    at run (C:\Users\kryst\OneDrive\Desktop\accountability-buddys\accountability-buddy-frontend\node_modules\jest-circus\build\run.js:71:3)
    at runAndTransformResultsToJestFormat (C:\Users\kryst\OneDrive\Desktop\accountability-buddys\accountability-buddy-frontend\node_modules\jest-circus\build\legacy-code-todo-rewrite\jestAdapterInit.js:122:21)
    at jestAdapter (C:\Users\kryst\OneDrive\Desktop\accountability-buddys\accountability-buddy-frontend\node_modules\jest-circus\build\legacy-code-todo-rewrite\jestAdapter.js:79:19)
    at runTestInternal (C:\Users\kryst\OneDrive\Desktop\accountability-buddys\accountability-buddy-frontend\node_modules\jest-runner\build\runTest.js:367:16)
    at runTest (C:\Users\kryst\OneDrive\Desktop\accountability-buddys\accountability-buddy-frontend\node_modules\jest-runner\build\runTest.js:444:34)
    at Object.worker (C:\Users\kryst\OneDrive\Desktop\accountability-buddys\accountability-buddy-frontend\node_modules\jest-runner\build\testWorker.js:106:12)</failure>
    </testcase>
    <testcase classname="AdminManagementPage handles user role change successfully" name="AdminManagementPage handles user role change successfully" time="1.015">
      <failure>Error: Unable to find an element with the text: /role updated successfully/i. This could be because the text is broken up by multiple elements. In this case, you can provide a function for your text matcher to make your matcher more flexible.

Ignored nodes: comments, script, style
&lt;body&gt;
  &lt;div&gt;
    &lt;div
      class=&quot;min-h-screen bg-gradient-to-br from-gray-50 to-gray-100 p-6&quot;
    &gt;
      &lt;header
        class=&quot;mb-8&quot;
      &gt;
        &lt;h1
          class=&quot;text-4xl font-extrabold text-gray-800 text-center&quot;
        &gt;
          Admin Management
        &lt;/h1&gt;
        &lt;p
          class=&quot;text-lg text-gray-600 text-center&quot;
        &gt;
          Manage roles, permissions, and administrative settings with ease.
        &lt;/p&gt;
      &lt;/header&gt;
      &lt;main
        class=&quot;max-w-6xl mx-auto grid grid-cols-1 md:grid-cols-2 lg:grid-cols-3 gap-6&quot;
      &gt;
        &lt;section
          class=&quot;bg-white p-6 rounded-lg shadow-lg hover:shadow-xl transform hover:scale-105 transition-transform duration-300&quot;
        &gt;
          &lt;h2
            class=&quot;text-2xl font-semibold mb-4 text-gray-800&quot;
          &gt;
            User Roles
          &lt;/h2&gt;
          &lt;p
            class=&quot;text-gray-600 mb-4&quot;
          &gt;
            Assign roles and manage user permissions across the platform.
          &lt;/p&gt;
          &lt;button
            class=&quot;w-full bg-blue-600 text-white py-2 px-4 rounded-lg hover:bg-blue-700 transition-colors&quot;
          &gt;
            Manage Roles
          &lt;/button&gt;
        &lt;/section&gt;
        &lt;section
          class=&quot;bg-white p-6 rounded-lg shadow-lg hover:shadow-xl transform hover:scale-105 transition-transform duration-300&quot;
        &gt;
          &lt;h2
            class=&quot;text-2xl font-semibold mb-4 text-gray-800&quot;
          &gt;
            Permissions
          &lt;/h2&gt;
          &lt;p
            class=&quot;text-gray-600 mb-4&quot;
          &gt;
            Define what users can access and modify on the platform.
          &lt;/p&gt;
          &lt;button
            class=&quot;w-full bg-green-600 text-white py-2 px-4 rounded-lg hover:bg-green-700 transition-colors&quot;
          &gt;
            Manage Permissions
          &lt;/button&gt;
        &lt;/section&gt;
        &lt;section
          class=&quot;bg-white p-6 rounded-lg shadow-lg hover:shadow-xl transform hover:scale-105 transition-transform duration-300&quot;
        &gt;
          &lt;h2
            class=&quot;text-2xl font-semibold mb-4 text-gray-800&quot;
          &gt;
            System Settings
          &lt;/h2&gt;
          &lt;p
            class=&quot;text-gray-600 mb-4&quot;
          &gt;
            Adjust global configurations for the platform.
          &lt;/p&gt;
          &lt;button
            class=&quot;w-full bg-orange-600 text-white py-2 px-4 rounded-lg hover:bg-orange-700 transition-colors&quot;
          &gt;
            Edit Settings
          &lt;/button&gt;
        &lt;/section&gt;
      &lt;/main&gt;
      &lt;footer
        class=&quot;mt-12 text-center text-gray-600&quot;
      &gt;
        © 
        2025
         Accountability Buddy. All rights reserved.
      &lt;/footer&gt;
    &lt;/div&gt;
  &lt;/div&gt;
&lt;/body&gt;
    at waitForWrapper (C:\Users\kryst\OneDrive\Desktop\accountability-buddys\accountability-buddy-frontend\node_modules\@testing-library\dom\dist\wait-for.js:163:27)
    at Object.&lt;anonymous&gt; (C:\Users\kryst\OneDrive\Desktop\accountability-buddys\accountability-buddy-frontend\__tests__\pages\AdminManagement.test.tsx:41:18)
    at Promise.then.completed (C:\Users\kryst\OneDrive\Desktop\accountability-buddys\accountability-buddy-frontend\node_modules\jest-circus\build\utils.js:298:28)
    at new Promise (&lt;anonymous&gt;)
    at callAsyncCircusFn (C:\Users\kryst\OneDrive\Desktop\accountability-buddys\accountability-buddy-frontend\node_modules\jest-circus\build\utils.js:231:10)
    at _callCircusTest (C:\Users\kryst\OneDrive\Desktop\accountability-buddys\accountability-buddy-frontend\node_modules\jest-circus\build\run.js:316:40)
    at _runTest (C:\Users\kryst\OneDrive\Desktop\accountability-buddys\accountability-buddy-frontend\node_modules\jest-circus\build\run.js:252:3)
    at _runTestsForDescribeBlock (C:\Users\kryst\OneDrive\Desktop\accountability-buddys\accountability-buddy-frontend\node_modules\jest-circus\build\run.js:126:9)
    at _runTestsForDescribeBlock (C:\Users\kryst\OneDrive\Desktop\accountability-buddys\accountability-buddy-frontend\node_modules\jest-circus\build\run.js:121:9)
    at run (C:\Users\kryst\OneDrive\Desktop\accountability-buddys\accountability-buddy-frontend\node_modules\jest-circus\build\run.js:71:3)
    at runAndTransformResultsToJestFormat (C:\Users\kryst\OneDrive\Desktop\accountability-buddys\accountability-buddy-frontend\node_modules\jest-circus\build\legacy-code-todo-rewrite\jestAdapterInit.js:122:21)
    at jestAdapter (C:\Users\kryst\OneDrive\Desktop\accountability-buddys\accountability-buddy-frontend\node_modules\jest-circus\build\legacy-code-todo-rewrite\jestAdapter.js:79:19)
    at runTestInternal (C:\Users\kryst\OneDrive\Desktop\accountability-buddys\accountability-buddy-frontend\node_modules\jest-runner\build\runTest.js:367:16)
    at runTest (C:\Users\kryst\OneDrive\Desktop\accountability-buddys\accountability-buddy-frontend\node_modules\jest-runner\build\runTest.js:444:34)
    at Object.worker (C:\Users\kryst\OneDrive\Desktop\accountability-buddys\accountability-buddy-frontend\node_modules\jest-runner\build\testWorker.js:106:12)</failure>
    </testcase>
    <testcase classname="AdminManagementPage displays an error message when role update fails" name="AdminManagementPage displays an error message when role update fails" time="1.016">
      <failure>Error: Unable to find an element with the text: /update failed/i. This could be because the text is broken up by multiple elements. In this case, you can provide a function for your text matcher to make your matcher more flexible.

Ignored nodes: comments, script, style
&lt;body&gt;
  &lt;div&gt;
    &lt;div
      class=&quot;min-h-screen bg-gradient-to-br from-gray-50 to-gray-100 p-6&quot;
    &gt;
      &lt;header
        class=&quot;mb-8&quot;
      &gt;
        &lt;h1
          class=&quot;text-4xl font-extrabold text-gray-800 text-center&quot;
        &gt;
          Admin Management
        &lt;/h1&gt;
        &lt;p
          class=&quot;text-lg text-gray-600 text-center&quot;
        &gt;
          Manage roles, permissions, and administrative settings with ease.
        &lt;/p&gt;
      &lt;/header&gt;
      &lt;main
        class=&quot;max-w-6xl mx-auto grid grid-cols-1 md:grid-cols-2 lg:grid-cols-3 gap-6&quot;
      &gt;
        &lt;section
          class=&quot;bg-white p-6 rounded-lg shadow-lg hover:shadow-xl transform hover:scale-105 transition-transform duration-300&quot;
        &gt;
          &lt;h2
            class=&quot;text-2xl font-semibold mb-4 text-gray-800&quot;
          &gt;
            User Roles
          &lt;/h2&gt;
          &lt;p
            class=&quot;text-gray-600 mb-4&quot;
          &gt;
            Assign roles and manage user permissions across the platform.
          &lt;/p&gt;
          &lt;button
            class=&quot;w-full bg-blue-600 text-white py-2 px-4 rounded-lg hover:bg-blue-700 transition-colors&quot;
          &gt;
            Manage Roles
          &lt;/button&gt;
        &lt;/section&gt;
        &lt;section
          class=&quot;bg-white p-6 rounded-lg shadow-lg hover:shadow-xl transform hover:scale-105 transition-transform duration-300&quot;
        &gt;
          &lt;h2
            class=&quot;text-2xl font-semibold mb-4 text-gray-800&quot;
          &gt;
            Permissions
          &lt;/h2&gt;
          &lt;p
            class=&quot;text-gray-600 mb-4&quot;
          &gt;
            Define what users can access and modify on the platform.
          &lt;/p&gt;
          &lt;button
            class=&quot;w-full bg-green-600 text-white py-2 px-4 rounded-lg hover:bg-green-700 transition-colors&quot;
          &gt;
            Manage Permissions
          &lt;/button&gt;
        &lt;/section&gt;
        &lt;section
          class=&quot;bg-white p-6 rounded-lg shadow-lg hover:shadow-xl transform hover:scale-105 transition-transform duration-300&quot;
        &gt;
          &lt;h2
            class=&quot;text-2xl font-semibold mb-4 text-gray-800&quot;
          &gt;
            System Settings
          &lt;/h2&gt;
          &lt;p
            class=&quot;text-gray-600 mb-4&quot;
          &gt;
            Adjust global configurations for the platform.
          &lt;/p&gt;
          &lt;button
            class=&quot;w-full bg-orange-600 text-white py-2 px-4 rounded-lg hover:bg-orange-700 transition-colors&quot;
          &gt;
            Edit Settings
          &lt;/button&gt;
        &lt;/section&gt;
      &lt;/main&gt;
      &lt;footer
        class=&quot;mt-12 text-center text-gray-600&quot;
      &gt;
        © 
        2025
         Accountability Buddy. All rights reserved.
      &lt;/footer&gt;
    &lt;/div&gt;
  &lt;/div&gt;
&lt;/body&gt;
    at waitForWrapper (C:\Users\kryst\OneDrive\Desktop\accountability-buddys\accountability-buddy-frontend\node_modules\@testing-library\dom\dist\wait-for.js:163:27)
    at Object.&lt;anonymous&gt; (C:\Users\kryst\OneDrive\Desktop\accountability-buddys\accountability-buddy-frontend\__tests__\pages\AdminManagement.test.tsx:52:18)
    at Promise.then.completed (C:\Users\kryst\OneDrive\Desktop\accountability-buddys\accountability-buddy-frontend\node_modules\jest-circus\build\utils.js:298:28)
    at new Promise (&lt;anonymous&gt;)
    at callAsyncCircusFn (C:\Users\kryst\OneDrive\Desktop\accountability-buddys\accountability-buddy-frontend\node_modules\jest-circus\build\utils.js:231:10)
    at _callCircusTest (C:\Users\kryst\OneDrive\Desktop\accountability-buddys\accountability-buddy-frontend\node_modules\jest-circus\build\run.js:316:40)
    at _runTest (C:\Users\kryst\OneDrive\Desktop\accountability-buddys\accountability-buddy-frontend\node_modules\jest-circus\build\run.js:252:3)
    at _runTestsForDescribeBlock (C:\Users\kryst\OneDrive\Desktop\accountability-buddys\accountability-buddy-frontend\node_modules\jest-circus\build\run.js:126:9)
    at _runTestsForDescribeBlock (C:\Users\kryst\OneDrive\Desktop\accountability-buddys\accountability-buddy-frontend\node_modules\jest-circus\build\run.js:121:9)
    at run (C:\Users\kryst\OneDrive\Desktop\accountability-buddys\accountability-buddy-frontend\node_modules\jest-circus\build\run.js:71:3)
    at runAndTransformResultsToJestFormat (C:\Users\kryst\OneDrive\Desktop\accountability-buddys\accountability-buddy-frontend\node_modules\jest-circus\build\legacy-code-todo-rewrite\jestAdapterInit.js:122:21)
    at jestAdapter (C:\Users\kryst\OneDrive\Desktop\accountability-buddys\accountability-buddy-frontend\node_modules\jest-circus\build\legacy-code-todo-rewrite\jestAdapter.js:79:19)
    at runTestInternal (C:\Users\kryst\OneDrive\Desktop\accountability-buddys\accountability-buddy-frontend\node_modules\jest-runner\build\runTest.js:367:16)
    at runTest (C:\Users\kryst\OneDrive\Desktop\accountability-buddys\accountability-buddy-frontend\node_modules\jest-runner\build\runTest.js:444:34)
    at Object.worker (C:\Users\kryst\OneDrive\Desktop\accountability-buddys\accountability-buddy-frontend\node_modules\jest-runner\build\testWorker.js:106:12)</failure>
    </testcase>
  </testsuite>
</testsuites>